Sample	posterior	likelihood	prior	lambda	treeHeightLogger	clockRate
0	-492293.4210576022	-492204.124020198	-89.29703740422802	0.1	0.17506889451765412	0.01
500	-420983.53331717	-421008.20844159345	24.675124423482497	8.205299303464574	0.48933289925076107	0.015311999566022359
1000	-416484.20067442185	-416510.9187750065	26.71810058461896	10.243508254945862	0.652935598178525	0.01450993492004139
1500	-413937.25018381025	-413966.2208626557	28.97067884545598	8.31115491137561	0.8065220263699436	0.014735389447973661
2000	-413145.17590024136	-413174.92566129385	29.7497610524643	11.182759921955661	0.7559477734736108	0.014840751039211918
2500	-412908.37741030275	-412938.46835550765	30.090945204873854	8.617447954475528	0.744572006210328	0.01493897696942005
3000	-412794.60967817134	-412824.81794388196	30.20826571061039	8.787382043925941	0.7543007957797492	0.01485227532681251
3500	-412714.1298672942	-412743.6533450038	29.523477709568215	7.903855729467536	0.7573526427083437	0.01491936986963835
4000	-412570.9134236497	-412601.4549116481	30.5414879984634	8.831612972130797	0.763291300814376	0.014932609336693308
4500	-412494.45293135283	-412525.9401193539	31.487188001030063	12.028287680213362	0.7487387114898714	0.014826210794644728
5000	-412470.7217471287	-412502.58728024893	31.86553312023669	10.966090967043813	0.743612598079666	0.01481793398744171
5500	-412445.67840829835	-412476.9330126354	31.254604337057856	9.38821174399068	0.7730448504773132	0.014819405710581655
6000	-412377.0542945239	-412408.3078693846	31.253574860700972	11.30894965486365	0.7773839698109074	0.014916039419142435
6500	-412336.55978610495	-412367.4331710997	30.873384994751568	12.146474341323547	0.7889938490330306	0.015052588169228621
7000	-412181.4489734912	-412212.6586174522	31.209643960998115	9.656072441752366	0.7660231963021338	0.014648901599622784
7500	-412156.8024219202	-412187.36425515794	30.56183323777916	9.515903434191587	0.8202998075740517	0.01427508767698737
8000	-412124.95206589793	-412155.5207608278	30.568694929882206	9.486301414168134	0.8237451565967153	0.014449019758378994
8500	-412111.3744131726	-412142.5615331642	31.18711999158048	10.802866841571335	0.8038003782392218	0.0145084764181295
9000	-412088.4088699472	-412118.306134475	29.897264527783747	9.84682921802153	0.8591034808879552	0.014249771241403654
9500	-412083.3914202248	-412112.680670985	29.289250760221712	12.75379977640373	0.8455110111137598	0.014603188972915059
10000	-412080.8664969329	-412110.90998444025	30.043487507315007	11.151318500228323	0.8498670076331089	0.014414433374021292
10500	-412068.04503271676	-412097.902308012	29.85727529521754	11.535739674926566	0.8515593538742943	0.014483279783217494
11000	-412061.83805169334	-412091.89186888485	30.053817191509893	9.505740104136489	0.8614898391474384	0.014158141059486514
11500	-412063.235936625	-412092.5127057828	29.27676915778349	11.723553641899247	0.8701139952763609	0.01418041462914674
12000	-412062.27063589136	-412093.4256534435	31.155017552160423	8.895387508763656	0.8049456953500932	0.015019680367243228
12500	-412061.17117169575	-412092.5329501865	31.36177849074764	14.107551964334995	0.7764125370625957	0.014890844727677214
13000	-412053.0295899043	-412086.15576948866	33.12617958433988	10.95157868929233	0.7521479697676161	0.015457689008624272
13500	-412044.37407565623	-412077.2019562481	32.82788059182353	11.056649475725154	0.7558666699346326	0.015413578407277901
14000	-412045.1335929846	-412077.8213009836	32.68770799899359	9.854581138466845	0.7530512813864892	0.015621744200242055
14500	-412039.665336863	-412071.72627893457	32.06094207155924	10.247170091397626	0.7838311473132568	0.015524490331692252
15000	-412038.9069235239	-412070.5501392439	31.64321572001069	10.196150195515246	0.7984965533337609	0.015436639807039803
15500	-412036.37680936966	-412067.94273656915	31.56592719946964	11.194135525351433	0.8004109968123311	0.014950268750332252
16000	-412039.8235432393	-412069.1816649987	29.35812175939646	13.753503956317845	0.8276672822475315	0.014666902835306257
16500	-412038.18802854134	-412068.54795877653	30.359930235208807	12.45551554959958	0.8253222405048549	0.014746147934781803
17000	-412040.6934108168	-412070.73156055604	30.03814973926493	10.474272662706401	0.8575497974878457	0.01480253902817148
17500	-412044.04448949744	-412072.3009194937	28.256429996307872	9.908466578609898	0.9289188104773553	0.014116035684083381
18000	-412032.2107751214	-412060.9340562844	28.723281162983884	8.147721902644038	0.9070337627621341	0.013909431871530868
18500	-412034.7048286697	-412062.5470844984	27.84225582868225	7.729702894863294	0.9427614924107538	0.013484531960668913
19000	-412033.0673855176	-412060.6127524692	27.54536695163676	9.549677153081973	0.9691328936590382	0.012812960823648406
19500	-412032.7933772411	-412060.8752396384	28.081862397241622	10.062936516745197	0.9423398898152862	0.01311306575852614
20000	-412037.1104404728	-412064.0925859132	26.982145440401855	8.467018887276687	1.0034701431730346	0.012759461123730288
20500	-412032.7734308974	-412059.35851879907	26.585087901682122	7.6548341481618705	1.0242273230204981	0.012367623054115751
21000	-412027.59301737195	-412055.7639553866	28.170938014652645	9.44202672883598	0.9528950173178244	0.01282340103331836
21500	-412031.9056420831	-412060.290673203	28.38503111993839	8.731753279152096	0.9419810455764366	0.012642214559748502
22000	-412032.0658938331	-412058.8890581777	26.823164344619677	11.39733780781084	0.9706191060097461	0.0125151542339816
22500	-412037.8914636947	-412066.51752140577	28.626057711053907	9.059262889522829	0.9416721700447981	0.012940650734298715
23000	-412035.4317558035	-412064.03433754476	28.602581741222846	8.65434713335874	0.9433131757571899	0.012723372659069027
23500	-412038.933877036	-412066.9062429298	27.97236589381628	7.112758418703262	0.9260659301980029	0.012593169774686736
24000	-412034.45306045853	-412062.8547905739	28.401730115344584	9.710566074387687	0.951698763608113	0.012188509929591
24500	-412035.26945456647	-412062.3940502202	27.124595653737735	9.480615553094031	1.0071871396160605	0.01207873006820123
25000	-412032.97422536864	-412058.9054686443	25.931243275624098	10.010251190430386	1.040924979075244	0.012334886832038159
25500	-412031.849980745	-412058.44614291494	26.596162169948432	9.740102347850993	1.024930288567708	0.01212371825464597
26000	-412033.2119676365	-412060.6374369817	27.425469345214275	7.776409685654947	0.9902950912184316	0.012328317629144415
26500	-412031.7614130354	-412059.0509455209	27.289532485545397	8.045577420841337	1.0045329730657204	0.01200354461163094
27000	-412035.53356532793	-412062.055114015	26.521548687068012	6.9793408669008254	1.0151400299087847	0.01204750198048391
27500	-412040.39740964724	-412066.2361581451	25.838748497865126	7.006630891010154	1.0542578830516318	0.011724960475412795
28000	-412038.9353308088	-412063.90974747296	24.974416664146975	6.164557983530736	1.0762176413543074	0.011397591480941782
28500	-412036.0652951105	-412061.8592918387	25.793996728201755	8.950072940571232	1.074915566230552	0.01119027085512551
29000	-412038.234283971	-412063.3654056245	25.131121653463694	9.913032536418319	1.075225264428372	0.01145505064641535
29500	-412032.4219541229	-412057.9009552369	25.479001114055542	7.8581574931698865	1.0999602087726614	0.01118959113050714
30000	-412033.69520129333	-412058.0408035617	24.345602268353872	9.58159706281481	1.1182170448440643	0.011254576437243704
30500	-412040.8338541822	-412066.17186856834	25.33801438614307	7.700170835291941	1.1051195378346228	0.011498260210069994
31000	-412041.9593415095	-412066.2000374467	24.240695937168006	6.515555239307955	1.154523225725543	0.01084450459846284
31500	-412044.4875607747	-412069.20278703514	24.71522626039924	7.5687065068612025	1.1406948404056287	0.011080537264116999
32000	-412041.8653072975	-412066.5314274222	24.666120124681097	9.181649981227629	1.1125096884615615	0.011466575178452966
32500	-412034.6836350857	-412060.8137920565	26.130156970840247	7.96171911291256	1.058537938553132	0.011764104991943091
33000	-412036.56430762046	-412062.14340940234	25.57910178188397	7.44348446899008	1.087664711435058	0.011510732114745651
33500	-412035.4434497114	-412061.3377721254	25.894322413971878	7.934943261281868	1.0790041288419163	0.011244608707934322
34000	-412033.51950399356	-412059.3788950966	25.85939110304882	8.678127294469714	1.0774413838699983	0.011118699259047857
34500	-412035.64298570674	-412060.7429406518	25.099954945022922	6.691755929386688	1.1055931875260039	0.01097698637678282
35000	-412033.03909173224	-412057.9862854811	24.94719374883163	6.435451632176439	1.0986349650353457	0.011109450750485292
35500	-412029.32574037847	-412055.2977369204	25.971996541978775	7.760262049408634	1.071847470988257	0.011476165734384309
36000	-412029.13263771526	-412054.5931599221	25.460522206821942	6.509209281524076	1.0664406773305717	0.011627924066104729
36500	-412028.794511773	-412054.7123546442	25.91784287121363	7.266717828081987	1.0649994479959148	0.011816556544361761
37000	-412035.28863854153	-412061.4359167348	26.14727819326947	7.457354916435871	1.05911888801947	0.011543777106446036
37500	-412031.84099834156	-412058.3663502704	26.525351928860587	6.974467980290291	1.028955002400918	0.011420190061811754
38000	-412036.07045781554	-412062.44994010817	26.3794822925993	7.690267678719411	1.055784881838749	0.011048540016795309
38500	-412034.0565156819	-412059.8315759957	25.77506031379094	8.125242565941484	1.083555893359024	0.01089708397027606
39000	-412038.15315634804	-412063.553482196	25.400325847986373	8.260793900440317	1.099781373237014	0.010851026655365975
39500	-412034.4776471731	-412059.52436188486	25.04671471174455	7.320913578761755	1.1264142021770838	0.010602453315461315
40000	-412035.757013529	-412058.7473216377	22.990308108701964	9.864343752873745	1.1612994558436405	0.010443735316928084
40500	-412033.5961082106	-412058.20562895044	24.6095207398412	7.518426613926296	1.1526002241547666	0.01043482810393228
41000	-412040.370424104	-412063.957609861	23.587185757018492	9.27306031824307	1.1604879634355956	0.010585767970551328
41500	-412039.3586226674	-412063.6593614907	24.300738823320973	8.04865457642505	1.1634354468504748	0.010333316356558087
42000	-412032.3988590656	-412056.94367099175	24.544811926114452	8.098821556088279	1.1448408734651763	0.010663611899101425
42500	-412034.4342252684	-412058.82468059467	24.390455326286734	7.00893377371738	1.1519801462921275	0.010901616129021328
43000	-412035.7982052553	-412059.82093360764	24.022728352333722	6.869048618954909	1.1755854105124988	0.010662363288288198
43500	-412034.38273536996	-412058.6858460982	24.303110728223235	7.610302419671065	1.1595613344749942	0.010704139939988483
44000	-412046.4645701664	-412068.79712718044	22.332557013995903	10.784549246420365	1.1401428619204947	0.010663283385364286
44500	-412050.24210496293	-412074.8598984499	24.617793486986454	8.017973882453179	1.1424782472841055	0.010242986990123078
45000	-412040.7376325218	-412064.5676203467	23.829987824902446	8.546342235643413	1.1706937843458498	0.010073460753181687
45500	-412038.28892945056	-412061.0823536916	22.79342424105973	10.317344619081842	1.146388715415339	0.010195585615770015
46000	-412035.2735225958	-412059.3938039841	24.120281388266527	5.859154290582332	1.1085661204159787	0.010631029864482897
46500	-412033.2551286493	-412057.7416684428	24.486539793475096	8.610404440172413	1.1331685733874748	0.010726617894821917
47000	-412033.2913213954	-412057.71717364417	24.425852248805217	6.729229896927496	1.142757791327237	0.010786893430666971
47500	-412035.69266731094	-412059.8367248451	24.144057534167494	8.610147925970796	1.1501829394484346	0.010536217868904279
48000	-412036.2566990089	-412060.4939490413	24.237250032397124	8.492583000456603	1.1539690446477373	0.010283760358322933
48500	-412042.4679884335	-412067.29274973547	24.82476130197032	8.30344391255932	1.1273043838148622	0.010588334790761303
49000	-412034.1353784178	-412058.69864316215	24.563264744357777	6.815273795114521	1.139777871901839	0.010544987956232207
49500	-412029.5871256244	-412054.7735976163	25.186471991878978	7.353757349642972	1.1106213822537396	0.01075635029993468
50000	-412031.9486889588	-412056.460538144	24.51184918524009	8.700889096224492	1.128664222453419	0.010804158444047134
50500	-412035.4381285011	-412059.74658474536	24.30845624422868	9.227923739228311	1.1216900779722683	0.011143848157190954
51000	-412033.11390864424	-412057.90726777626	24.79335913201965	6.20105747250345	1.0787284309923455	0.011592597291826181
51500	-412035.38417331036	-412059.98883801664	24.604664706247874	11.25304232789991	1.0421113208226618	0.011888477378309767
52000	-412032.98586263973	-412059.211851595	26.225988955273536	9.586082333367715	1.0336225309243188	0.011513133035304048
52500	-412040.0456775091	-412065.0528544796	25.00717697046416	7.897218222587619	1.1114553827158293	0.011271350242199834
53000	-412041.0239888442	-412065.22845290526	24.204464061056505	7.47057267454913	1.1595045641968293	0.010914248769890333
53500	-412043.9031168684	-412068.4485275675	24.545410699078438	8.287821576147582	1.1268363248751785	0.010886460146575594
54000	-412038.8684438038	-412062.22018790897	23.351744105141204	5.699051793321685	1.1521209574289382	0.01100782999520949
54500	-412039.0455854906	-412062.3563886648	23.310803174241403	5.83498710691477	1.17266307654001	0.010817930704126117
55000	-412038.87559801666	-412060.99553406757	22.11993605092249	10.074710415676003	1.1748573661693908	0.010923880657086105
55500	-412033.45297711744	-412058.0525453933	24.599568275871828	7.059781787643821	1.1397082243624934	0.010588880778245508
56000	-412032.2033322799	-412056.8043250089	24.600992728939403	6.561473142720995	1.1213641832193435	0.010631979685622807
56500	-412031.75117821887	-412056.38493748073	24.63375926184181	9.01226118341076	1.1163019607296611	0.01070952269411547
57000	-412033.2646901893	-412056.4846654002	23.219975210886176	10.473344273127847	1.1184216119306643	0.010778654374920224
57500	-412030.9831318477	-412055.41363094107	24.43049909338342	9.896459159007035	1.0970368473646381	0.010657856703615052
58000	-412034.6374533916	-412060.4078614581	25.770408066438378	7.383954816658037	1.0739003271963288	0.010617454177010535
58500	-412033.7325421851	-412058.775043891	25.042501705892917	7.098487635128683	1.1131871415860832	0.01047823270771749
59000	-412038.9827006228	-412063.5509882426	24.568287619817006	8.420340093597105	1.1338779936993635	0.010453078297491735
59500	-412040.4960914583	-412065.817093986	25.321002527700678	9.152877570071686	1.0842130288257594	0.010666103613208725
60000	-412041.0831283213	-412066.67449335597	25.591365034669046	7.739611895539704	1.084310826714573	0.010961786033554471
60500	-412039.0474819224	-412065.2441617132	26.1966797908541	7.578270170945033	1.0430695070859974	0.011083132004276445
61000	-412036.0401578918	-412061.6344699109	25.594312019064944	9.48200616998006	1.0644102679334373	0.011351871820498594
61500	-412037.6808252741	-412063.699222462	26.018397187953717	6.918990931431076	1.0406066247014836	0.011488140745037604
62000	-412038.74702118535	-412065.1231919921	26.376170806734514	7.657650929420758	1.0445603655939195	0.011536984743095979
62500	-412036.7217062679	-412061.1783844569	24.45667818901375	11.299753619119159	1.0547358624250678	0.011354114924101636
63000	-412033.5961673624	-412059.43401300575	25.837845643346064	8.188596628597825	1.0810010288201108	0.011525515889905882
63500	-412039.2719740814	-412065.021701434	25.749727352607593	6.8853608580128185	1.0640106882158995	0.01175485024733698
64000	-412031.3079190799	-412057.7185915308	26.410672450912614	8.259542345471958	1.0473496775099138	0.01174651215034575
64500	-412032.1070917133	-412058.79100119916	26.6839094858882	8.629119751557315	1.027719330649482	0.01271720298767288
65000	-412027.97916993697	-412055.87394151924	27.894771582296435	7.918837078921292	0.965137498495522	0.012593605594444213
65500	-412027.579772856	-412055.5608517063	27.98107885028257	10.666248640128703	0.9490942048001576	0.012790926916744758
66000	-412028.53937753546	-412056.0977923786	27.558414843174234	7.337285434473008	0.9605190639546322	0.012486387364196532
66500	-412028.4405870389	-412055.844531542	27.403944503081732	9.945311973018818	0.9836565060494604	0.012390782044194451
67000	-412031.8400288736	-412058.11799424916	26.277965375590846	6.372572064981404	0.9850657076445805	0.01259061111625689
67500	-412032.8952988723	-412060.6222553197	27.726956447344826	7.394222017843054	0.9561908777333559	0.012375902255411944
68000	-412036.42312360543	-412064.800286976	28.377163370548253	7.995835833892565	0.9415583119140228	0.012645562029688313
68500	-412040.1770177309	-412066.6216236422	26.44460591133865	6.167494342320543	0.9493744580691829	0.012876452813777362
69000	-412033.0194595606	-412061.1342848614	28.114825300800113	8.876898318760693	0.9671459860279447	0.01264186879487805
69500	-412032.9302772245	-412060.41182548844	27.481548263925713	9.713553590058346	0.9896077102476081	0.01273972577185474
70000	-412029.52370235557	-412056.85991378454	27.336211428955107	10.511300250573628	0.9798632865371077	0.01341977043684894
70500	-412029.7052555468	-412058.14821819245	28.442962645678193	8.34615800782118	0.9462983531522635	0.01364403619630202
71000	-412027.76240118867	-412055.58258163463	27.820180445944004	9.20260182079146	0.9809610046629376	0.013365670378115523
71500	-412030.049381593	-412058.13643943256	28.08705783955365	8.353514173547858	0.967925467470079	0.013025127466638387
72000	-412030.8618921325	-412058.9694526088	28.107560476312585	10.303188895088534	0.9572337116603814	0.012883054873007924
72500	-412040.938485169	-412069.88221807923	28.943732910196648	9.865868507093808	0.925501944313201	0.013169051497529933
73000	-412037.4833877944	-412066.2018465029	28.71845870850195	9.604511282143323	0.9395701522617321	0.013328915326950283
73500	-412040.1306499464	-412068.0696012907	27.938951344314376	8.29593656567413	0.9680299842247959	0.013588553293365481
74000	-412039.28473363316	-412066.8197920962	27.535058463052668	10.595145850680499	0.9710749190520442	0.012927775320586955
74500	-412041.7430295405	-412069.0339207068	27.290891166275657	7.670327273723559	0.9981871501848937	0.012427965738083824
75000	-412041.97522507096	-412067.354573657	25.3793485860381	11.517169881935223	1.028888095728827	0.012452526552669211
75500	-412039.6740267599	-412065.6513827757	25.977356015778284	9.45019013892043	1.0658408100759866	0.012383104994899318
76000	-412038.81426577386	-412065.0090914775	26.194825703626975	7.055156147538046	1.054515183577326	0.01219091059220864
76500	-412041.5733471148	-412068.1091348837	26.535787768907845	10.090268560279748	1.0295026643635359	0.012059141189644202
77000	-412036.56397897017	-412063.7289977257	27.165018755521324	8.458661536992972	1.0241762646142365	0.012235246013989651
77500	-412034.1330102325	-412061.6137494207	27.480739188231965	8.319147398499306	1.008358418064731	0.012362958983103545
78000	-412035.74842114415	-412063.86180024437	28.113379100192297	8.939600914422106	0.97950357529552	0.01243950500345296
78500	-412034.8532247273	-412062.16645362874	27.313228901435544	9.596461735654628	1.0040670131471816	0.012430661268251677
79000	-412040.56792965345	-412068.28770924296	27.719779589493086	8.654161627593025	0.9945363593155676	0.012170759247972113
79500	-412038.6605837986	-412065.5744872288	26.913903430231862	6.75080480664097	0.9873180022048909	0.012361110797535458
80000	-412037.757914699	-412065.2998041636	27.541889464589804	7.386297160462595	0.9855891289376819	0.01245952454784226
80500	-412028.54495230096	-412056.87159727816	28.326644977190526	8.758729081887612	0.9629477099101534	0.012685002004844506
81000	-412033.2395397377	-412060.79198975564	27.55245001792023	6.883839980647661	0.9475462947231542	0.012871969018268302
81500	-412031.5150882349	-412058.99908788275	27.483999647819424	9.931417839475298	0.9870538505265217	0.012526147302198365
82000	-412040.9745002507	-412067.7361234698	26.761623219056354	9.3197773010103	1.0225155853984482	0.012359705462849228
82500	-412031.8005048872	-412059.45326590503	27.652761017836333	8.767923099422068	0.9878779868985434	0.012792489600711974
83000	-412032.3963483979	-412060.5642813453	28.167932947403713	11.136054185974354	0.9376319571391333	0.012992976868348839
83500	-412029.8893762481	-412058.9065435839	29.017167335809127	10.114330778690876	0.9203001696039734	0.013154047649367517
84000	-412034.33570282895	-412062.2748972991	27.93919447019363	9.329246858779825	0.9747892469634268	0.012665976083529736
84500	-412040.75655829604	-412067.84012724884	27.083568952829786	7.53861526966653	1.0067570953006981	0.01232981833262294
85000	-412039.48939683504	-412066.33255057735	26.84315374232046	7.87472876793756	1.0261202150196491	0.012162742998209157
85500	-412036.36690907256	-412062.8519072008	26.484998128286456	7.750852111051011	1.0471282457566853	0.011705550398067453
86000	-412037.32655120216	-412064.20071172796	26.874160525793613	8.432427205116817	1.0310361085858122	0.011682053391740036
86500	-412034.71690909	-412061.16592549445	26.449016404478893	10.10490758297709	1.0209480650721032	0.011703559197479436
87000	-412034.1576371288	-412060.68860570673	26.530968577956394	6.6981971345587095	1.0029256315908683	0.01162210469530082
87500	-412030.9771131353	-412058.2607127155	27.283599580217277	7.933493215237505	1.0043418958924681	0.011874936939813771
88000	-412029.3820955714	-412055.95952879376	26.57743322235832	7.82495597788871	1.0419443312131056	0.011590834421620717
88500	-412034.71322473325	-412061.5143163725	26.801091639246824	8.164217257479784	1.0305360449758147	0.01168125443270406
89000	-412028.37103275524	-412054.06166664377	25.690633888529167	8.807526603716928	1.0810254310550778	0.011254978727871108
89500	-412028.2745067262	-412053.76952039433	25.495013668118332	8.088662075797616	1.1002669469348287	0.011279663538133011
90000	-412030.04236814426	-412055.04046015616	24.998092011889327	10.245338876748542	1.075317437562883	0.011248673200839056
90500	-412033.2710991452	-412058.8726147038	25.60151555860064	6.900766289440268	1.0824514329108734	0.01129474840219402
91000	-412030.72670989385	-412055.45600800955	24.72929811573219	6.410654455537428	1.1194024385958663	0.011425585565288074
91500	-412030.38916631974	-412056.03766881407	25.64850249433068	6.604675531468016	1.0629048099584646	0.011775895797156393
92000	-412037.1216111594	-412061.4403598996	24.318748740185555	10.301190613982923	1.0992675938656145	0.011307151048600795
92500	-412032.3765048053	-412057.2821249131	24.90562010785088	7.53217953867955	1.1387413411692546	0.01071209878800005
93000	-412038.18113111483	-412061.32804810844	23.14691699362274	10.823536414833171	1.1246484625291935	0.011297731599372134
93500	-412039.9622205747	-412064.6723745426	24.710153967975057	6.633546260321872	1.1401481908336897	0.011066371751668464
94000	-412039.95823239087	-412064.33023491426	24.372002523396418	8.51781272076531	1.1586076170422956	0.010732277659131593
94500	-412039.29810807895	-412064.24753548513	24.949427406215687	8.824075134756939	1.127304724378357	0.010195852579049546
95000	-412034.92379959207	-412059.7303567061	24.80655711399136	6.805355575827264	1.1410791423236222	0.010503231137740187
95500	-412038.4144533153	-412063.6871893444	25.27273602903907	7.624193591963132	1.1335140561817396	0.010514453644358246
96000	-412034.45110290777	-412058.620733496	24.169630588184763	5.600230543883326	1.1021964007200709	0.010431517866772202
96500	-412031.4638417767	-412056.17754969775	24.713707921043355	9.511453113291347	1.120805892098302	0.0101782074470131
97000	-412032.67428225005	-412057.9497624112	25.27548016111727	9.93004666443057	1.0830760415183904	0.010956681101471698
97500	-412031.7497156579	-412057.61931888066	25.869603222756766	7.488443024002439	1.0863212205753432	0.011186039038001564
98000	-412030.48101981997	-412056.10914968356	25.62812986360272	8.407382355199347	1.0975918157239537	0.01122622437156671
98500	-412037.4214383509	-412063.4981650991	26.076726748176213	8.856780741304505	1.0686315542411289	0.011012564256763585
99000	-412034.1389852481	-412059.8160105723	25.677025324171673	8.741702906864731	1.0909159729827558	0.011194820218435939
99500	-412031.1854109589	-412056.5487576958	25.363346736940336	6.753395021028267	1.099453119129389	0.011223249580094125
100000	-412037.6916291555	-412063.4335873627	25.74195820724089	7.769502622479789	1.1016670261908104	0.010965824310917461
100500	-412039.73309758183	-412064.96762077	25.23452318813236	8.331091712994835	1.1236023578740615	0.01084279859974685
101000	-412038.405268584	-412061.8693006627	23.464032078670044	10.915776667814104	1.1137276464433685	0.010981773147003732
101500	-412037.74632383685	-412063.1497417074	25.40341787054946	7.177473904743799	1.1093173463306212	0.01119068181366694
102000	-412036.5595257246	-412060.87634299806	24.316817273471415	6.078712858064874	1.1328282271097883	0.0109066700523395
102500	-412030.8802452548	-412056.05735354807	25.177108293267093	7.221073392002958	1.1192936917271248	0.010764870373960263
103000	-412025.9280988762	-412049.7560199283	23.827921052130772	8.963538164304254	1.1661364770885554	0.010548411907205258
103500	-412027.5268379067	-412051.04799058195	23.521152675267487	9.491475875711004	1.1594495361070773	0.010496489142348948
104000	-412027.2081525029	-412052.0385595201	24.830407017196286	6.44660398561108	1.1156478470267237	0.010598911092144133
104500	-412025.4518552297	-412050.5839497776	25.132094547907904	6.873702321901928	1.1100025880553255	0.011052095636524466
105000	-412027.605386324	-412053.2753343423	25.66994801835291	10.401957982011387	1.0464679390755922	0.011432527616290477
105500	-412030.5932292242	-412054.8696435884	24.27641436415298	10.34581071051646	1.0989632696287381	0.011476334092364754
106000	-412035.5873764688	-412059.9260425416	24.33866607278998	7.861881547505451	1.1626419320154164	0.011089916462971031
106500	-412033.9124249127	-412058.6602000297	24.747775117034333	9.1773339887397	1.1194893271095263	0.011343003349345824
107000	-412032.59417810047	-412057.2105838023	24.6164057018414	6.151353943535427	1.11180391998772	0.010949160610576667
107500	-412036.5559071354	-412061.9137876552	25.357880519783635	8.048093636983298	1.1123669739917927	0.010902493445427068
108000	-412035.74723551644	-412060.7151106979	24.967875181442885	7.366367446174747	1.1359128592770786	0.01043466966274668
108500	-412039.02283500443	-412063.9479379998	24.925102995342538	6.458897186897625	1.1150404653872845	0.010730122502390697
109000	-412036.66646014224	-412062.2731907932	25.60673065095353	7.390699246161923	1.0928618720634253	0.011063457941041337
109500	-412036.2152721298	-412061.3538357178	25.138563587978272	6.64260914481935	1.1076381925702474	0.010459460985593048
110000	-412035.7728615489	-412062.2349027747	26.462041225795012	9.115830834679747	1.0447447664734277	0.011120120783556288
110500	-412035.7100409783	-412059.4602758303	23.750234852023844	11.176674875650068	1.0911809641495362	0.01045739093702967
111000	-412036.19340120896	-412061.56028022646	25.366879017501898	8.059796332042607	1.1160349444198567	0.010504195805028487
111500	-412038.15255440696	-412057.66884046805	19.51628606108004	3.9930057447125282	1.195979921281764	0.010255620234418224
112000	-412034.6821296162	-412057.884487305	23.202357688818196	8.165164570375524	1.2266471667206995	0.009932248722132941
112500	-412030.5766430432	-412053.5270578121	22.95041476888141	6.397511023932663	1.261328827411417	0.009752349974626448
113000	-412031.14762374165	-412054.4803586902	23.332734948528444	6.998473643364028	1.2398084211408267	0.010065495821869986
113500	-412031.82960943127	-412054.7602811272	22.93067169592767	5.90641620398971	1.2396822139000956	0.010038260348481503
114000	-412040.9058250041	-412061.5530781434	20.647253139265047	9.454398764933563	1.2812628720762342	0.010105764437094532
114500	-412033.3143910143	-412055.57394162304	22.259550608737346	6.414386259775422	1.3093491354790876	0.009411292340279001
115000	-412043.6232034067	-412065.25097125414	21.627767847437717	5.5648677767355474	1.3269125764414662	0.008938446352072957
115500	-412048.04150071257	-412070.2282389167	22.186738204132993	6.79354371963994	1.3090016872208416	0.008786399802019071
116000	-412041.92730492627	-412064.60535625805	22.678051331801957	6.57500445097691	1.2729857745290283	0.009211529105490106
116500	-412043.2032747688	-412065.7216751824	22.51840041362387	6.628752642094395	1.283273915407181	0.009211759901062462
117000	-412047.1495316464	-412066.1695488487	19.020017202307656	4.0017839804575335	1.2930622725717207	0.009020782870265009
117500	-412044.5959557185	-412064.07015007286	19.474194354372656	4.234277529714473	1.3223275135189272	0.008688750872884675
118000	-412044.1751891778	-412066.2524151814	22.07722600364099	5.9881526026632335	1.3034195090489415	0.008646476103302122
118500	-412050.60098003334	-412071.8337294941	21.232749460712373	6.33239490824858	1.3432703529140546	0.009155401914143218
119000	-412049.57743880025	-412069.8495157555	20.272076955232837	5.379283993497613	1.4352431944809783	0.009139208527012693
119500	-412046.2706398185	-412066.1842712843	19.913631465836485	6.509831382888943	1.4661341896361302	0.008720962537482722
120000	-412047.9095661987	-412068.3336217306	20.424055531889607	7.065263027587954	1.4104502256089353	0.008873469384849893
120500	-412049.55219679425	-412070.5162636521	20.96406685789806	6.972721916392674	1.3869053220507672	0.009102651236550272
121000	-412044.9671756013	-412062.09891306894	17.13173746766468	9.833925919804507	1.3991762269099595	0.0090670931902404
121500	-412036.16019352694	-412058.7292785901	22.56908506316075	6.5491549107351394	1.2955206081254003	0.009077210066057178
122000	-412040.4946027033	-412060.3210154778	19.826412774478403	10.200097134062359	1.2777920504185376	0.008974889209178372
122500	-412040.63351163623	-412062.8418781354	22.208366499171813	6.681017891634911	1.3148166080847972	0.008970576535775758
123000	-412039.957916362	-412061.76484190434	21.80692554238989	6.391572245895966	1.3408083070171348	0.008963532888095564
123500	-412047.3844594894	-412067.506542744	20.122083254644764	7.31384562983633	1.420619197908838	0.008525164518411076
124000	-412044.12920884823	-412064.53279948025	20.403590632002693	4.990940319689793	1.4070949862388695	0.008567001773617723
124500	-412045.02746771905	-412063.74790364364	18.72043592458724	9.737120576991629	1.3458748054273442	0.008991440090644029
125000	-412043.4021741793	-412063.9154054694	20.513231290078785	8.474161548492974	1.345714292541159	0.009002158855645415
125500	-412042.6294500269	-412063.9273844225	21.29793439560475	6.481040943237564	1.3825196720688415	0.008883054396212368
126000	-412041.9413488224	-412062.9860558963	21.044707073923064	5.533537828608334	1.3617665049874605	0.008712404570399188
126500	-412037.7831514574	-412059.5775673875	21.794415930117186	5.901340782097986	1.3241788586223804	0.008500378207940756
127000	-412035.5804123429	-412057.3850407287	21.80462838582827	6.194190936487351	1.329980744149306	0.008771866779198511
127500	-412038.7317227851	-412060.98183330626	22.250110521153374	6.303187518102797	1.296789783501014	0.00918381023086169
128000	-412039.5526993246	-412061.53078335506	21.978084030447647	8.447191170397119	1.2594848701908972	0.009549278979428954
128500	-412037.64472710644	-412060.261308795	22.61658168857487	6.820573499151758	1.2702198112249334	0.009260224634191686
129000	-412042.1842462532	-412064.2022962455	22.018049992286237	7.971638845646742	1.275540533816409	0.008790075577029694
129500	-412039.16481193766	-412060.25228995224	21.087478014607434	5.798498987786825	1.3742480501784586	0.008491005382653542
130000	-412035.82199771405	-412055.7522564306	19.930258716584486	4.902085348710309	1.4213490265717683	0.008397424323267129
130500	-412036.39755348815	-412055.64570570237	19.248152214198974	8.201145172817991	1.4035188407270442	0.008078741723720083
131000	-412034.5086935879	-412053.44738655264	18.93869296475639	4.585709261182369	1.4886163962457009	0.007931033688289612
131500	-412037.0572516647	-412054.66826929356	17.611017628876887	7.640851494820383	1.5208657913330708	0.008021857344925174
132000	-412035.7816795396	-412053.89481471165	18.113135172059764	4.382053291210813	1.557896873396177	0.007642262971551352
132500	-412040.6339649659	-412058.6394948215	18.005529855603818	4.401518854148358	1.5802096139672221	0.00724567444511881
133000	-412039.28287537	-412056.7868058914	17.50393052138461	4.481354704531415	1.6538539804690118	0.0070123007345722944
133500	-412037.1270357137	-412054.7408960998	17.613860386093407	5.324743854423062	1.670812127565678	0.007030878492903141
134000	-412043.1354290053	-412057.8417593801	14.706330374814005	6.23307861243161	1.8215506979060452	0.006746875243975869
134500	-412039.52322109253	-412055.3538096302	15.830588537696357	4.578063288112987	1.8475155190907653	0.006834443488569458
135000	-412044.3818167411	-412059.7440249255	15.36220818444714	3.9279350463945564	1.8591754959817504	0.00685694590150931
135500	-412050.8077166172	-412066.6097348611	15.802018243944264	4.207422079848405	1.8282701702825581	0.006971766660670929
136000	-412042.1914356643	-412058.481616043	16.290180378720073	4.778837511468347	1.804139186088457	0.006837444018306226
136500	-412043.98425312375	-412059.12790746335	15.143654339619781	5.449202624064129	1.8776464532678376	0.0064820504186934086
137000	-412049.0606370533	-412064.87464396714	15.814006913841563	4.367598028229199	1.856935795308187	0.006199399187683531
137500	-412048.4971392552	-412063.62355109426	15.12641183905368	3.7373536249709907	1.8661714150788573	0.006237638639929612
138000	-412043.7741032717	-412059.92155770696	16.147454435245393	4.718047308214491	1.821920461856769	0.006375179823165158
138500	-412043.9452543236	-412060.02100182546	16.075747501881224	4.841068177891576	1.8202696229778494	0.0065792762598025955
139000	-412044.5322634341	-412060.40241841006	15.870154975946278	5.976628585748406	1.7755529025157761	0.006457209861210124
139500	-412045.5378030844	-412062.16873072635	16.630927641948503	4.534141322110241	1.7672021501744084	0.006505167069722013
140000	-412044.6507640701	-412061.7336876698	17.08292359970406	4.942349841859793	1.765147789500314	0.006356137253514128
140500	-412044.824151372	-412060.42869786813	15.60454649613305	6.315740938622146	1.7910635010721925	0.006559372180856603
141000	-412041.9009112191	-412056.27488863765	14.373977418517162	3.2342810473032917	1.822864918039304	0.006675438112724232
141500	-412039.1176599678	-412055.4760535292	16.35839356140959	4.260732237197738	1.792161618859138	0.006880620323737379
142000	-412042.6297834221	-412057.352756187	14.722972764897655	3.367895351078386	1.8166518736137833	0.006744197137869036
142500	-412041.2200772581	-412058.1999138735	16.979836615376254	4.647480778344459	1.7484842538288599	0.006962740769427524
143000	-412043.90868857555	-412058.65521381417	14.746525238634323	6.128881653150993	1.8445865952710332	0.006707709991093118
143500	-412044.577225058	-412059.8479174848	15.270692426820457	3.992710376739361	1.8987737207945214	0.0065809288230176816
144000	-412045.3965788866	-412061.70048135886	16.303902472269904	4.555308208159518	1.8191576005022991	0.006688264927020065
144500	-412043.7818187374	-412059.40067296854	15.618854231114803	4.0789688934053165	1.8586979435982003	0.006789329334512197
145000	-412040.9566395728	-412056.73435300175	15.777713428929845	4.297925755037322	1.8597307928050015	0.006760432339162485
145500	-412037.7125637275	-412052.31726346613	14.60469973861215	6.72528621930192	1.7910950474239686	0.006772079283068432
146000	-412039.6427477212	-412056.36825770704	16.72550998580784	4.524183821842701	1.7654181671676317	0.0066846924417031045
146500	-412042.34392107447	-412059.5076104609	17.16368938645405	4.820069278823584	1.7274226334096092	0.006668268282936003
147000	-412044.149087261	-412059.9967470071	15.847659746103158	3.8469672434558992	1.7851628430027588	0.006759994014062616
147500	-412044.28660890704	-412061.0053607228	16.718751815706085	6.177796404073098	1.7129639042032807	0.007217713839847654
148000	-412044.02799627633	-412060.0819640129	16.053967736524562	6.320117517694547	1.7456655407654535	0.007151182596687932
148500	-412044.65324465407	-412061.38525868347	16.73201402942269	4.330631747440352	1.7586730576688812	0.006992358571977229
149000	-412044.7608760024	-412059.7883651442	15.027489141866663	6.735061070344432	1.772023437986147	0.006943430177990801
149500	-412047.3256084651	-412063.7167234643	16.391114999162063	5.661834611174175	1.7781022317558464	0.0067444864441939395
150000	-412046.01765822445	-412062.566444552	16.548786327510793	5.534603226616153	1.7708629957871038	0.0068724479939707515
150500	-412048.62187741435	-412065.7764385497	17.15456113532133	5.8988726727564815	1.7000207426877445	0.007083643293875574
151000	-412043.43022926355	-412060.5622526066	17.132023343048978	5.211849471675392	1.7286630948821688	0.007146226760597275
151500	-412045.3666613998	-412062.88069427444	17.514032874646194	5.064837798780528	1.6929870250212784	0.007337037973865019
152000	-412047.71391453483	-412063.99125601584	16.27734148098334	3.7743334905025017	1.6925314625268915	0.007407963981134153
152500	-412049.002959692	-412064.4618841338	15.458924441806131	6.561906159142647	1.7500831071285896	0.00727936986408367
153000	-412049.09783949703	-412064.99931944214	15.901479945125129	4.001011569071318	1.8065071739688698	0.007020149437110108
153500	-412046.6430839474	-412062.48207206227	15.83898811482911	3.887659185789913	1.8024830586688323	0.006888341202070983
154000	-412046.80882645946	-412063.2012070008	16.392380541344078	4.438650288789388	1.8032169886826264	0.006869338432701894
154500	-412045.9389951861	-412061.78942915535	15.850433969223655	3.621574366056168	1.7196623853260447	0.007071436982628852
155000	-412044.6018172561	-412063.675769293	19.07395203691145	5.947428139310116	1.5516734954409142	0.0078105220876591355
155500	-412043.78319976025	-412062.60515356023	18.82195379996747	5.667962994828915	1.5733982000292048	0.00796459635514332
156000	-412050.017462931	-412069.2762655817	19.258802650756945	5.692663020432733	1.5355303749896363	0.0079718129011172
156500	-412052.7750803967	-412070.50508317986	17.730002783178413	4.128066050356977	1.5745361252446202	0.007960646476249736
157000	-412049.62501408014	-412067.90170574305	18.27669166288445	4.366728932195683	1.5492971991856528	0.008188446318600263
157500	-412046.80677842064	-412065.7350867251	18.928308304437927	4.67044674490905	1.5230175783394773	0.008087882844618935
158000	-412044.6677004257	-412062.42081884906	17.75311842331756	7.87140892800659	1.5217367978970677	0.008124615661407904
158500	-412044.5353187291	-412062.7432884439	18.207969714758363	7.666949000724403	1.510119668104714	0.008304514516334752
159000	-412040.515180172	-412060.82218650595	20.30700633397313	5.607366704666801	1.456020561167832	0.008249887621917274
159500	-412043.3403579709	-412063.19971304026	19.859355069322163	7.371578172669429	1.4361613975160195	0.008256871203013745
160000	-412047.35452024126	-412066.63381820556	19.27929796429939	4.528668322389465	1.4603959793007686	0.008098744002713551
160500	-412044.1056086519	-412063.6785683209	19.572959669000692	7.083366200724096	1.4703731220357728	0.007967943373799418
161000	-412041.99689453666	-412061.5021505538	19.505256017173174	6.153433957238859	1.5179553169477407	0.00809836640935698
161500	-412044.08717031084	-412061.7386851909	17.651514880054854	4.46058827011796	1.6620984843203768	0.007503478097555293
162000	-412048.41886121494	-412065.9846846988	17.565823483877796	4.85433416871231	1.6995628449634623	0.007343357914905307
162500	-412045.0942368882	-412063.23360429273	18.139367404529988	4.6521127645179625	1.6371935975320508	0.007369856438445122
163000	-412045.70310617547	-412062.7123397068	17.00923353130746	3.986956336630267	1.6736935751393647	0.0072280043263213195
163500	-412041.64229808375	-412059.7024935368	18.060195453078926	4.754858008138443	1.6450502748768845	0.007416184378229872
164000	-412049.4707314701	-412067.86777766066	18.397046190557468	4.7537927381100795	1.6089372064197212	0.0073717411483923785
164500	-412043.4890608727	-412061.48358092655	17.99452005384778	4.312031492840096	1.5958077599509124	0.007520414001319579
165000	-412039.1536223616	-412057.39957852865	18.245956167032915	5.648408230591586	1.6340389706796234	0.007454297136564155
165500	-412039.5650392104	-412057.49663978873	17.93160057829673	5.028089183113739	1.6653265497678125	0.007258725588286239
166000	-412036.0475025168	-412053.31569331913	17.268190802312063	5.845257079109416	1.7046762529075705	0.00719060443882041
166500	-412043.15629514	-412058.86372244946	15.707427309457366	6.452231066318746	1.7550616508756018	0.007311267254771385
167000	-412038.85546331346	-412055.6902112953	16.834747981833534	5.095768838191192	1.7638191266332774	0.007265263565851936
167500	-412039.7998662528	-412057.04169995716	17.241833704350586	5.946673405141495	1.699544633726954	0.0072283886717717715
168000	-412035.64810359455	-412053.71578700334	18.067683408777224	4.9005722861812275	1.6530171875140944	0.007441677038169711
168500	-412038.84391484235	-412057.08032767306	18.23641283072532	4.395974857790826	1.5868785187109593	0.0076912546324371
169000	-412046.4413443003	-412063.1821550137	16.74081071345894	8.305341127480753	1.542876870275323	0.007848207171186304
169500	-412044.3519548355	-412063.2075137918	18.855558956257262	5.136015243447114	1.5906250478627921	0.007594690538140016
170000	-412037.9929883371	-412056.8283099963	18.835321659140508	6.6314204907888525	1.5574459672714396	0.007777495050833154
170500	-412034.3892343784	-412053.6419661237	19.252731745313298	6.2683832993879	1.546306378097622	0.007926098614415688
171000	-412035.4490843983	-412054.2550025948	18.805918196535362	6.230894419085902	1.573777074012711	0.008124340676658784
171500	-412039.64856085705	-412057.0164260161	17.367865159040015	7.360995418754005	1.5891431083473153	0.007827046825657833
172000	-412035.8985164875	-412054.0176571151	18.119140627625885	4.049554016235341	1.519362448191027	0.007867218677542615
172500	-412040.45405154576	-412059.5784715416	19.124419995835982	7.048586721320296	1.5118709132116406	0.007910594779453892
173000	-412039.36778460286	-412058.7825209981	19.41473639525752	5.807976468606294	1.540811359232917	0.00789755017676607
173500	-412042.5061913457	-412061.7617561899	19.25556484423054	5.652327736643599	1.5553874847745879	0.00762794201968202
174000	-412040.4606596323	-412059.26036745403	18.799707821717806	4.820864511693789	1.5692660073381008	0.007506386169587621
174500	-412041.4672521663	-412059.84540355345	18.37815138712794	5.199189837418701	1.6335977565506385	0.00725804341010107
175000	-412040.6833058156	-412058.74776172254	18.064455906923342	5.3492276809568065	1.6614552692248583	0.007101312083193068
175500	-412039.4075308233	-412057.1883191168	17.780788293478608	5.233634555920748	1.6869029033336596	0.007138966870410715
176000	-412044.6773681325	-412061.92565011553	17.248281982998385	5.097340157257962	1.73867175712271	0.007012116199661075
176500	-412042.5170960543	-412058.79861364147	16.281517587217042	4.9398727752798	1.8290113749306771	0.006936447375802682
177000	-412041.4211874061	-412057.5926631713	16.171475765203095	5.943158552340678	1.7813569999018737	0.006841830377018648
177500	-412044.75771693775	-412061.9690766482	17.211359710412523	4.871697293401426	1.7475645758726825	0.006978408810837077
178000	-412041.80781508423	-412058.04919226625	16.241377182025587	4.966128760875591	1.8363012598807402	0.0067196112731590756
178500	-412041.357845292	-412057.0792793197	15.72143402768397	4.520274894509963	1.8942294998512776	0.00671948019641391
179000	-412045.47013300104	-412061.19496372814	15.724830727086324	5.381137863984298	1.8636837174347367	0.006811569350215574
179500	-412052.31408885465	-412067.97076953395	15.656680679277722	4.2912290803000825	1.8979521081346538	0.0066452080112332675
180000	-412055.48948494106	-412064.3740158782	8.8845309371363	8.129200622071947	1.9236989402920384	0.006525015291094156
180500	-412042.0066592645	-412056.9836870172	14.977027752659076	3.9054129568198883	1.9499511189366314	0.006297796547895955
181000	-412046.24094189104	-412060.01926015125	13.778318260209959	3.2831331725213886	1.98308696388477	0.006161597831762
181500	-412044.03069844	-412057.0485893228	13.017890882801552	5.818799393066315	2.023811194966357	0.005906649550571058
182000	-412050.01350965403	-412064.0987067081	14.08519705405584	3.844724677805245	2.0696202162098203	0.005857943036091318
182500	-412053.9977275424	-412068.04197165655	14.044244114144055	4.286608626604417	2.0798015913400705	0.006071385485458738
183000	-412050.4573991696	-412063.51508702675	13.057687857127133	4.171435156530513	2.1838209497885672	0.005808461056017444
183500	-412052.1009822199	-412064.55807971145	12.457097491540845	3.487497739748244	2.238499650421695	0.005924033471236023
184000	-412042.5738799085	-412054.924429713	12.350549804537476	4.1064442738493305	2.267736978153857	0.0056871205938499635
184500	-412047.5712902524	-412059.34935294307	11.778062690670062	3.0902075916927862	2.2766146686394055	0.005519525999176751
185000	-412044.1794271501	-412056.24206519575	12.062638045660082	4.806568114550866	2.2283489933476996	0.005368273987414087
185500	-412042.84177440475	-412054.5104086401	11.668634235341498	4.0362406047159345	2.3443539027343983	0.00523094065835551
186000	-412047.89448618557	-412059.4541942419	11.559708056312036	3.6655391097932006	2.37134359349965	0.0052087618832560465
186500	-412047.329993893	-412057.6687842538	10.338790360850915	3.43786106306554	2.530630109182669	0.0050174719274742475
187000	-412049.0030102286	-412058.5256361692	9.522625940571508	3.2492472801422334	2.635405393414772	0.004664485731603724
187500	-412046.35596601455	-412055.91847814625	9.562512131725803	2.8745938990295223	2.5831489435015946	0.0047519174357094525
188000	-412042.22562218405	-412052.8444931666	10.618870982554284	3.9486749062503956	2.464870689173288	0.004813718175969286
188500	-412049.7241421284	-412060.23569266906	10.511550540629205	3.0184652294146628	2.4718375718320553	0.004739131540000173
189000	-412046.9707321332	-412057.38979843893	10.41906630573966	3.8490150008342723	2.5055636390696336	0.004631110544163062
189500	-412049.08130544674	-412058.6918920298	9.610586583018723	2.7265890847739644	2.5266798076912087	0.004746173832912062
190000	-412044.8423236772	-412055.0959930436	10.25366936638919	3.164130227219206	2.531224854772521	0.004856418945481928
190500	-412046.1034581311	-412056.1471935468	10.043735415736622	3.7036103626863768	2.53634429186767	0.004837204470376401
191000	-412044.56456191215	-412054.98959870654	10.425036794372495	3.325502494732397	2.5068276367294198	0.0047342672681220865
191500	-412045.5339412362	-412054.95462481736	9.420683581135666	2.96687886615398	2.6054295127860763	0.004699333685067525
192000	-412044.59832884633	-412053.96997291147	9.371644065146349	2.711289850879412	2.553371221406819	0.0046618545259469535
192500	-412047.0256894165	-412055.60737426917	8.581684852651062	3.220662047386707	2.738125933083835	0.004473323702212106
193000	-412049.33925021824	-412059.0916450146	9.752394796368865	3.381736792840359	2.6130036598972635	0.004458327491286244
193500	-412059.4864957417	-412067.8575639751	8.37106823338167	3.4690518985629923	2.772279846749689	0.0041744798845416995
194000	-412063.3032894746	-412071.50499227626	8.20170280162349	3.008673257912224	2.8022559190001424	0.004171178347163979
194500	-412061.7121122026	-412069.1681837154	7.456071512764149	3.802804287667776	2.8085406040831447	0.004199546803144641
195000	-412057.0008808044	-412064.4376098825	7.436729078095097	3.2291080287572433	2.8886869625315974	0.004080032088606696
195500	-412057.3180925681	-412064.34785127087	7.029758702810421	2.543714577066618	2.9063887528620973	0.0041032620942293395
196000	-412056.0631954186	-412062.85947447515	6.796279056549484	2.5887826624427293	2.953396668199645	0.0040543606923096895
196500	-412054.83511669695	-412060.99235327344	6.157236576477538	3.1531922518012925	3.0361439743420555	0.0038868451275483034
197000	-412054.8093238226	-412060.6425024282	5.833178605568802	2.656049764125502	3.0872400621910505	0.003962757347152135
197500	-412056.34450987837	-412063.00867707934	6.664167200960503	2.835924083783233	2.980039465115208	0.004065945546579573
198000	-412062.006520272	-412067.56813365704	5.561613385019574	3.86586623786384	2.9570053838227746	0.003931393017981509
198500	-412055.5966210395	-412062.8846337782	7.288012738688055	2.6969058109656334	2.8876505836490014	0.00417686667563249
199000	-412051.974061834	-412059.7248149096	7.750753075649713	3.0992141092253465	2.855546264101122	0.004203205105938142
199500	-412052.00388260593	-412060.3135962586	8.309713652652263	3.3151774690178946	2.783518947164497	0.004346380127318924
200000	-412051.79291001515	-412060.10113062325	8.308220608104685	3.8961587307697583	2.7126417152606153	0.004433409070292862
200500	-412048.84123866167	-412057.1465369977	8.305298336019558	3.760026592726483	2.733257156928663	0.004377142844711258
201000	-412055.51610237884	-412062.35440711386	6.838304735007025	2.0907259107411917	2.636417412366294	0.004361256536750126
201500	-412056.30524940137	-412065.40114936145	9.095899960107554	3.9922702564761914	2.6142431322940847	0.00443477832773257
202000	-412058.2771875826	-412066.8406005067	8.563412924141229	3.551650672626856	2.72129758959108	0.004366755705021673
202500	-412054.67351037567	-412063.75549057283	9.081980197146091	3.6043803987234604	2.675868513798375	0.004336833569987652
203000	-412052.33034173964	-412059.94153573643	7.6111939967748645	2.5417801319255524	2.8012811228281236	0.004556621427431484
203500	-412053.77460429457	-412059.35718270234	5.582578407795274	4.242485150576964	2.8750485894273154	0.004240651320710301
204000	-412054.5888043251	-412061.5371941119	6.948389786807998	3.2468322671820897	2.9422446806865548	0.004236376404971927
204500	-412058.099999358	-412064.3407960755	6.240796717548465	2.7437473455289294	3.00745225962763	0.004129615478335762
205000	-412063.2603388103	-412067.29472410254	4.0343852922386825	1.8889243959526065	3.0117942331880796	0.004104023066724409
205500	-412053.6337809755	-412060.0756564426	6.441875467114425	2.723252962292074	3.0016576398194017	0.004049098208682126
206000	-412053.8563124235	-412060.5315974813	6.675285057816996	2.6366871115094384	2.9606144185795684	0.004085945972068674
206500	-412054.988699173	-412060.12626846065	5.137569287655756	2.190984763407763	3.053979478534543	0.00418357515469276
207000	-412055.8531774594	-412060.58644567657	4.7332682171748885	3.3483369639510414	3.13559271444597	0.004093597278075546
207500	-412056.45221442287	-412061.6611429968	5.2089285739332425	3.1982633332614814	3.1203952697596544	0.004074450531315719
208000	-412057.5093494761	-412061.0288423657	3.5194928896579913	3.8293324058195637	3.1394741659814307	0.00401820216274011
208500	-412049.5081873974	-412054.91246738145	5.404279984051921	2.364494310221314	3.090981768136203	0.003946198756089617
209000	-412049.0914737653	-412055.0251104955	5.933636730173002	2.462476531779392	3.0517169717719383	0.0039962516308263635
209500	-412050.33135664195	-412054.8078495233	4.476492881360904	2.025741077341307	3.068253053530538	0.004056931766115539
210000	-412049.12430390023	-412054.11811005673	4.993806156485611	3.0212956903371566	3.165064875414392	0.00380422358604127
210500	-412049.7984489407	-412053.72334099095	3.924892050275754	2.335156293063333	3.2891209780276283	0.0038110916516421595
211000	-412050.61793618614	-412054.1834124479	3.5654762617669427	2.3352327582890187	3.3411698745248066	0.0037143406442271174
211500	-412049.28463040094	-412052.2542857015	2.9696553005252673	2.517803366000787	3.4290723428821455	0.0035291376541599626
212000	-412055.89013117156	-412058.4589464925	2.5688153209638633	2.210514976410702	3.456682204034165	0.0034100942809608516
212500	-412060.1428119453	-412062.98336413765	2.840552192376653	2.6669714402160176	3.4543696446886263	0.003346921499327773
213000	-412055.66586595034	-412057.7349929151	2.0691269647978956	2.185420355857995	3.5291020974238085	0.0033858394117356567
213500	-412059.5870853753	-412061.06283099233	1.4757456170801726	2.3828024490111708	3.633204154052239	0.0031738966621357207
214000	-412060.8720396602	-412063.26014517806	2.388105517919122	2.496503099731015	3.4850838770275536	0.0033312736627915613
214500	-412061.9422350736	-412064.6977023491	2.7554672755019576	2.3136083992237557	3.425475048155771	0.0033867753800955478
215000	-412063.2406753087	-412065.16791842214	1.9272431134594843	3.428216676733222	3.3647361429181575	0.0033585355282734204
215500	-412057.80603777233	-412060.71795622417	2.911918451819888	2.6514481464727813	3.3940043027723177	0.003479762107786981
216000	-412057.38268071786	-412060.1265364225	2.7438557046802305	2.597722401799615	3.4116419316239495	0.003749354807219327
216500	-412058.79170248826	-412062.0537258329	3.2620233446272096	2.731802061459985	3.353643042206634	0.0037350667729772187
217000	-412052.93634113274	-412056.12755423033	3.191213097598812	2.9941812856745793	3.350942440071464	0.003785112979997228
217500	-412053.79347199324	-412056.6283417887	2.8348697954643267	3.099154030762964	3.366233370677832	0.0037721211534275678
218000	-412058.5228569572	-412062.24201801576	3.719161058542257	2.234106145339698	3.2719850721047528	0.0038967411299086047
218500	-412057.6575506849	-412061.2059808554	3.5484301705017582	3.1357553911294747	3.272602372192344	0.0036822426701395446
219000	-412064.5841965262	-412068.0230799523	3.4388834260569583	2.3893145032288734	3.346277420314451	0.0035489710717295556
219500	-412062.3718005473	-412065.8392491982	3.4674486509351317	2.55093295633154	3.3622577631421557	0.0035112710676372685
220000	-412061.8415797456	-412063.9364893146	2.0949095690403894	2.8414918164686958	3.4793658546453723	0.003449512549635877
220500	-412063.957669275	-412066.59422630735	2.636557032338091	2.1606598155670707	3.4156989245060534	0.0035379014914314185
221000	-412062.4532979595	-412066.00346581417	3.5501678546333224	2.7845241755526065	3.3316603429402405	0.0036571322375659188
221500	-412055.3783276102	-412058.60141343804	3.223085827822965	2.3106239013584604	3.3629366943522028	0.0035680281127376317
222000	-412057.12990806263	-412060.6174031668	3.4874951041458546	2.4814307833643108	3.3484784994467374	0.0035645707350342062
222500	-412058.8087777213	-412060.34010134614	1.531323624851903	2.391219072467016	3.569944992755905	0.0034445694846708765
223000	-412062.9081116381	-412064.9089860905	2.000874452421532	2.85560820774744	3.4783551697369344	0.00338622917157961
223500	-412057.7756345764	-412058.7372469446	0.9616123682643813	1.8558581054963788	3.5214054411813627	0.003280680127151832
224000	-412062.5153711285	-412063.7396035934	1.2242324649028582	2.9029230451504477	3.5547396291919298	0.0032396566111605966
224500	-412063.7413734511	-412062.8788611069	-0.8625123441888327	3.476794670526721	3.5791929294008815	0.0032400377792272377
225000	-412060.82777225605	-412061.0440863672	0.2163141111226361	2.633800924572898	3.701046882369359	0.003194376392299373
225500	-412061.1090064614	-412062.78907245415	1.6800659927628203	2.3293046005628373	3.574116817170226	0.0033091792869951032
226000	-412061.591664601	-412063.5370897525	1.945425151519336	2.6529451091506435	3.5374792843355527	0.0031973582056768787
226500	-412059.3184720546	-412059.3803358699	0.06186381531971996	1.756187792915138	3.6219299166839045	0.0031412156874604754
227000	-412058.47769381985	-412058.94759973075	0.4699059109214847	1.910678500434323	3.651012997430523	0.0031033746041652624
227500	-412059.01651276887	-412059.0274252319	0.010912463005162465	1.912350000844097	3.7131967534854793	0.003095214902971343
228000	-412059.83282465086	-412059.95541361894	0.12258896809366071	2.3237231965673764	3.760133620279446	0.0030874867861790164
228500	-412059.2346844884	-412057.9698792577	-1.264805230667828	1.7455756773762354	3.7931182554795844	0.003144157592157466
229000	-412060.8977787687	-412059.4840580287	-1.4137207399648677	2.9192437887106992	3.7901642057011906	0.00319530359230373
229500	-412058.953136829	-412057.28264250734	-1.6704943216760846	2.88627588882548	3.8333298392728916	0.0031285414500915854
230000	-412058.14436860447	-412057.88667982194	-0.2576887825264471	2.1255165336488226	3.7845788433341347	0.0031870076868202903
230500	-412054.24074955063	-412054.4288588678	0.18810931718105905	2.1344887914157806	3.7342183695967073	0.003185839803569268
231000	-412058.9006719752	-412057.4491173315	-1.4515546437270732	3.111319708106082	3.750087097421235	0.0031418305477781557
231500	-412062.8527984236	-412061.01084555074	-1.841952872861329	2.864375858785074	3.8635273196798297	0.0031380534500332733
232000	-412053.2747387145	-412053.1253681402	-0.14937057431544876	2.155704185948412	3.7895405145286016	0.0031108282428641953
232500	-412053.53718872956	-412052.3096037753	-1.2275849542133113	2.366752237053413	3.8937869815835913	0.003119732516162438
233000	-412061.38781398867	-412058.3536748404	-3.034139148232235	1.8662551700293761	4.073501188041204	0.002905955423259553
233500	-412062.12896154285	-412058.543081284	-3.5858802588659056	2.305149080659567	4.13710620983999	0.0028898712465214396
234000	-412064.65182838024	-412058.8324507805	-5.819377599728574	3.0478653238983333	4.122099217409305	0.002900308343272312
234500	-412060.68305106513	-412059.0640404553	-1.6190106098100427	2.345033925427874	3.93282808089618	0.00308890968689381
235000	-412061.89066684915	-412059.60689740645	-2.2837694427138695	2.254679821126376	4.005076257565522	0.0030206752838554136
235500	-412059.0184616657	-412055.6204615298	-3.3980001358992737	2.027032567585568	4.129810151667916	0.002922603597242126
236000	-412059.3184366502	-412054.3163798161	-5.002056834124958	2.648351303178226	4.178702176895435	0.0028923779546556547
236500	-412055.26468744845	-412053.91444978	-1.3502376684449624	2.2490910630722847	3.9161247412128395	0.002999045675176575
237000	-412061.07241923345	-412057.4741069332	-3.5983123002423767	3.040328401186204	3.9499655210334184	0.0029321152678560523
237500	-412059.350432929	-412057.740968591	-1.6094643379896398	2.56539761000143	3.9109722602113584	0.0029652417572932767
238000	-412057.6899074297	-412054.8789327836	-2.810974646081151	2.517026845730603	4.026194717573102	0.0029437741806422114
238500	-412056.9037154071	-412054.75369278353	-2.1500226236018873	2.0014080970448656	3.99064627494446	0.0030145634396002378
239000	-412057.14107638865	-412055.79138720606	-1.3496891825870696	2.0909473192334422	3.905719400043196	0.0030870851475013903
239500	-412058.55963211623	-412057.0347970096	-1.5248351066309374	1.9645845649951261	3.928674879500576	0.003116848432566652
240000	-412062.1748911055	-412061.70928460726	-0.46560649822715483	2.2106273101514584	3.842156801273317	0.003111588228916014
240500	-412058.2962591958	-412058.47519540426	0.17893620845488112	2.1168420445908116	3.777391992025421	0.003073593186621318
241000	-412056.8282767265	-412056.21617698664	-0.6120997398362018	2.051148959097267	3.8525562987635955	0.003062466397229609
241500	-412061.92858295847	-412058.7918017743	-3.136781184157119	3.1670456608613953	3.906746180734024	0.0030566046597993624
242000	-412063.4271211477	-412062.33768781245	-1.089433335207846	2.578597318296934	3.88600367362833	0.0030563203453861285
242500	-412061.5912406072	-412061.18034276034	-0.41089784685530084	2.341168697353819	3.8437022248956407	0.0031540462030147333
243000	-412061.88047263125	-412060.8599624278	-1.0205102034397493	2.2412040278967584	3.9025204499256207	0.0032224615052780813
243500	-412057.4030927715	-412058.160458801	0.7573660295628315	2.7037852392080506	3.6796023706829875	0.003262261299775379
244000	-412062.51026164583	-412061.7644234228	-0.7458382230370155	2.4159342921021527	3.8527408936861067	0.0032530150217203223
244500	-412060.1044010159	-412059.82732899574	-0.27707202019122956	2.9061115841904663	3.7214297053139584	0.0032334564283460782
245000	-412059.3027661021	-412056.188363546	-3.1144025560843582	1.460032620830628	3.8413522468357972	0.003259605687689895
245500	-412053.9267274285	-412052.9965716907	-0.9301557378100593	2.209584457209296	3.8825248944938457	0.0032261567178017946
246000	-412057.4738481774	-412055.91632883827	-1.557519339129529	1.819023577802634	3.889630321571388	0.0032417059602271123
246500	-412058.788541942	-412057.7599737404	-1.028568201652531	2.285065379754094	3.8924408782690283	0.003308252197469271
247000	-412055.396035798	-412054.45310444024	-0.9429313577942375	2.217239417496497	3.8900392139621864	0.0032706907298590215
247500	-412052.95418145275	-412052.3558184331	-0.5983630196581533	2.5053506019162297	3.832570271903649	0.0032772484977462543
248000	-412052.9454434506	-412053.5645651471	0.6191216965233002	2.4243371079540794	3.6951764527962956	0.003263093510591254
248500	-412058.20646889496	-412055.9208282722	-2.2856406227707744	3.283388518643362	3.7626139218513943	0.0032439418910467505
249000	-412053.6413550807	-412053.6713309368	0.029975856057019357	1.7370790640886609	3.6112535466396056	0.003290880677461335
249500	-412054.4015258694	-412054.0831196828	-0.3184061865832817	3.147617876716207	3.649531738055818	0.0032469819276500296
250000	-412051.6703551097	-412054.201151559	2.5307964493538275	2.4241370945341822	3.483111506330555	0.003397517120735841
250500	-412059.7062705829	-412060.27098407166	0.5647134887545215	2.121355641923178	3.69265865303381	0.003167048317543837
251000	-412061.1957614669	-412060.0261527177	-1.1696087491937792	2.181617380464478	3.8914009457207404	0.0031236119667617203
251500	-412065.2879457612	-412064.3914901669	-0.896455594336337	2.5193099991873074	3.842311319301375	0.003190731675441613
252000	-412066.833071256	-412064.647243081	-2.1858281750132917	2.829413277550053	3.8983580979082175	0.003073488734958388
252500	-412062.84846486774	-412059.98131169606	-2.867153171704329	2.153621869911896	4.079044406176322	0.0029803598710253644
253000	-412058.8921714713	-412056.1066622304	-2.7855092409316224	2.1447954091724695	4.0675670578312255	0.00295761397936487
253500	-412064.4978761551	-412060.84217351367	-3.655702641435356	2.6700433126288523	4.06312603327004	0.003020461170399042
254000	-412062.5232571805	-412059.9233209282	-2.599936252358413	2.358084836276667	4.043175071647008	0.0028735031947302145
254500	-412062.4145266755	-412059.06113718497	-3.353389490540163	1.972955244758358	4.13051586372846	0.002804705961219263
255000	-412058.55269472324	-412054.72671894485	-3.825975778388959	1.9642797860638175	4.17905404971552	0.0027793260280303536
255500	-412058.13691067277	-412053.6750725963	-4.461838076456679	2.3710817251605487	4.202859746592537	0.0028865992520800327
256000	-412055.97523444175	-412054.34638757276	-1.628846869007944	2.3054398041243247	3.936715808200055	0.003080266343311936
256500	-412054.53786194976	-412052.2118414939	-2.3260204558491724	1.8480593405216696	3.982627910683374	0.002957816187435776
257000	-412056.06730035885	-412052.6523717668	-3.414928592051626	1.5081799500931117	3.9256504204641605	0.0030532418989592013
257500	-412059.30764949316	-412057.9369478865	-1.3707016066779998	1.8596549836383376	3.8572361132467643	0.00311670712370385
258000	-412060.8553700331	-412057.8905078265	-2.9648622066291352	3.3532343288742985	3.78884848931446	0.003165005984205192
258500	-412064.63535053056	-412061.31937997404	-3.315970556509864	3.7321404978518924	3.6829968408825273	0.003194078317661351
259000	-412059.0273645039	-412060.3092625832	1.2818980793512944	2.626424553512153	3.6161405315894264	0.003198594753782741
259500	-412058.63828988967	-412058.5202066517	-0.1180832379482144	1.7140986151256614	3.620752066992813	0.003125438296658332
260000	-412061.3674001945	-412062.4744616198	1.107061425280678	1.8164779542513625	3.5064443475975033	0.0032367800101801504
260500	-412055.14324610145	-412057.0955678603	1.952321758841653	2.012682209644976	3.480031395584286	0.0033014382317588893
261000	-412055.8778047689	-412058.600825564	2.7230207950809477	2.8731501645418094	3.40079199352421	0.003562224395354048
261500	-412052.75981382665	-412055.05805801693	2.2982441902600055	2.7300326610534005	3.4632652183322556	0.0034187675985057958
262000	-412059.6849624447	-412060.4338332704	0.748870825714044	1.927478025998959	3.58477967907157	0.003459874020236051
262500	-412062.1754202812	-412062.8576993211	0.6822790399464527	2.4332882843057084	3.6564096599122844	0.0035109698542245557
263000	-412062.15913135675	-412062.61098062445	0.4518492677001609	2.9741264962763068	3.6014789368058118	0.0035985428337300417
