Sample	posterior	likelihood	prior	lambda	treeHeightLogger	clockRate
0	-440170.9234761889	-439613.74186429393	-557.1816118949546	0.1	0.2061526242476706	0.01
500	-381447.8028742944	-381015.10614557506	-432.6967287193411	17.686381100888056	0.3203341211916782	0.013708593753374207
1000	-379106.5579259382	-378689.2730701843	-417.2848557539633	17.696952617475567	0.36842617984923115	0.014005796054844376
1500	-377039.9630301104	-376678.05278665206	-361.91024345836763	12.985226325771409	0.5743265420382451	0.014143248315742927
2000	-376527.248519865	-376197.101051497	-330.1474683679828	9.2479191851665	0.6990432302107423	0.014175974173398529
2500	-376261.3806387923	-375933.7343935024	-327.6462452898795	12.213710196659548	0.7125168664243106	0.014120732219698258
3000	-375372.98951379117	-375052.271632201	-320.7178815901991	10.97756724871806	0.733111098750515	0.01490405120992638
3500	-375218.1195756549	-374899.669464807	-318.45011084786074	7.098043452864088	0.745661995995095	0.01462972374646041
4000	-375058.3006449787	-374751.98806727875	-306.31257769994943	8.587406651953211	0.7935763239241851	0.014240394738553317
4500	-374991.0893741775	-374687.0605860165	-304.0287881609721	8.255264053434272	0.8035005728412272	0.01402410499093614
5000	-374909.15072012827	-374615.53588958987	-293.6148305384181	7.338573469008413	0.8497106256731733	0.01337302864021475
5500	-374882.9176077875	-374598.70051507175	-284.21709271574497	8.105115683619784	0.88977818105144	0.01330512729690418
6000	-374862.91441140673	-374583.57276166446	-279.3416497422547	8.670772897327053	0.9120319151645575	0.013157003422988941
6500	-374847.1074143088	-374574.548584757	-272.55882955182074	8.976522710546329	0.9432651064582441	0.013134145025895794
7000	-374816.3438644015	-374550.98219766864	-265.36166673287283	8.506762764805124	0.9765887919918286	0.013183934306146596
7500	-374807.82966721855	-374545.42335042136	-262.4063167972021	7.978732705865349	0.9893368239992179	0.013236365179173192
8000	-374803.81240247935	-374545.9179131306	-257.89448934875696	6.5834716373327025	1.0097214801477215	0.013058299220198919
8500	-374790.38196605275	-374535.48921448644	-254.89275156631484	7.036327136337812	1.0232170531003657	0.013246303520442598
9000	-374774.9595084148	-374532.7000567022	-242.2594517126025	8.158234788129816	1.085074182382513	0.01311633365032162
9500	-374758.8953616515	-374526.37051257124	-232.5248490802605	4.3066832759379565	1.1362253844651333	0.013068912187873673
10000	-374755.5301231748	-374531.19734639407	-224.33277678070363	4.8041689391684175	1.1720390199583213	0.013063985809353853
10500	-374751.9596331261	-374530.7218621471	-221.23777097901487	8.056306214506835	1.189074375129668	0.012792340817112623
11000	-374739.28352538653	-374522.69391631323	-216.5896090732731	4.267517872593849	1.2126752933608813	0.012468452564432254
11500	-374736.1076017685	-374524.49367292586	-211.61392884266053	7.666597574739082	1.2361187835202943	0.012249591596415452
12000	-374726.6137791301	-374522.8491274734	-203.76465165670135	7.165270289531286	1.2747020898607464	0.011987116563630076
12500	-374706.67608447664	-374525.5874052064	-181.0886792702266	5.762450820419751	1.3913418977624936	0.011257179246092649
13000	-374688.01356702554	-374520.73302705307	-167.28053997249017	3.742724349569023	1.4711296490421861	0.01071710310297785
13500	-374674.27110132494	-374521.17039023177	-153.100711093143	3.9613193066500583	1.5498532215654004	0.010027936905450558
14000	-374657.81471176626	-374524.1742564741	-133.64045529213092	4.32144511397917	1.6656954391953713	0.009379451072995778
14500	-374631.32933919976	-374521.93092971225	-109.39840948753117	4.299915706575809	1.8253019856185493	0.008784908171127249
15000	-374614.21630153793	-374524.87097771466	-89.34532382327893	2.8302045758864978	1.9745057626287454	0.008177262279835529
15500	-374599.34932489245	-374521.68076501664	-77.66855987578421	2.9375640356057335	2.0630976417034903	0.007652299834804974
16000	-374577.0607733611	-374515.9403124696	-61.12046089149009	2.9507115288721826	2.2041434582423456	0.007106159873707919
16500	-374551.7954243066	-374519.17090492713	-32.624519379471096	3.7617839157335586	2.5143173261113945	0.006361063842258235
17000	-374534.2393194672	-374520.04734627326	-14.191973193957887	2.7693224159540866	2.774583721616125	0.005651097849565199
17500	-374532.6880337569	-374521.1565649232	-11.531468833711129	2.396650983816036	2.8247849355698014	0.005634840336888912
18000	-374526.5519546716	-374519.54250214755	-7.009452524057472	2.3986894534348204	2.924239751362307	0.005339171159915555
18500	-374524.18736046535	-374519.559995234	-4.6273652313151485	3.043095855673754	3.011211333284629	0.005033095493486997
19000	-374527.6645061149	-374524.4235188937	-3.240987221186833	1.9535489467658853	3.0452814058055107	0.004890035238220252
19500	-374526.99922678637	-374523.4793588549	-3.5198679314738937	3.757694126118007	3.182288997944042	0.004967085593897037
20000	-374515.43568293465	-374514.4523362455	-0.9833466891468303	2.5625161806761865	3.128901967957418	0.005026738183094279
20500	-374517.3674555638	-374518.28438581526	0.9169302514772619	1.9207041433248333	3.2634619052048874	0.004835996476938841
21000	-374514.97353662504	-374515.7372798754	0.7637432503474644	2.062238812168154	3.4458071181245042	0.00462463016526136
21500	-374512.0806482472	-374512.4494380975	0.3687898502752027	1.8073577810800097	3.466829053857989	0.004235297764064354
22000	-374516.0836365422	-374515.1995775737	-0.884058968534621	2.6965950880090257	3.5025106324802104	0.004286855984387407
22500	-374512.43297532265	-374513.49650865543	1.0635333327916072	2.5576631353860257	3.3590211611083842	0.004457275180064194
23000	-374511.3291366926	-374512.0898633093	0.76072661665917	1.7838855016331363	3.416214627869949	0.00436998000064433
23500	-374512.14563007787	-374512.5098354455	0.3642053676177399	2.5575154646941294	3.4394837346459926	0.004400037571666018
24000	-374512.54813782696	-374513.706189877	1.1580520500271838	2.5217115779171437	3.337803000073546	0.004492830000625694
24500	-374517.3485026561	-374517.9371118969	0.5886092408336268	2.7819561030709	3.3448147593300463	0.004470962773347588
25000	-374516.95132099214	-374517.60035090544	0.6490299132835649	1.665705527491239	3.385113202167472	0.004305627138694918
25500	-374518.07379607833	-374518.89635505993	0.822558981613331	2.204818830183215	3.4412244428660377	0.004424256587094111
26000	-374518.28678641195	-374519.5642374922	1.2774510802519705	2.2114918612125694	3.3884199607335215	0.004439003038734224
26500	-374515.87862026447	-374516.73890764243	0.860287377938854	2.1665077911755013	3.4386632788727605	0.004491844093500859
27000	-374518.1654995426	-374518.2082631923	0.042763649704371076	1.6883828510889027	3.471197942439518	0.004206284353558038
27500	-374519.1867304081	-374519.48066467594	0.29393426782458043	2.1631995807930666	3.4677413182169605	0.004148997296552277
28000	-374520.6569356143	-374521.80354440113	1.146608786812699	2.0502007902769472	3.372379643457716	0.004210875014672042
28500	-374521.9412217804	-374521.62613660237	-0.31508517798535873	2.7244035008131022	3.446353220467839	0.004241324876673153
29000	-374521.8728725916	-374522.5370434819	0.6641708903135033	1.7254488104487193	3.3591480980430255	0.004523664865809904
29500	-374532.8185376431	-374532.15929064876	-0.6592469943695694	2.282480574606902	3.519483373233036	0.004416663597217869
30000	-374523.6947771185	-374522.81047770404	-0.8842994144817746	2.453139211718562	3.5170096221253666	0.0041015549200816995
30500	-374518.07662012824	-374518.2286955361	0.15207540787350293	2.276496776521081	3.4737231753371978	0.004078228226978501
31000	-374513.91879083967	-374515.1472006325	1.2284097928072395	2.0512932495665694	3.3284175216820366	0.004167797166145246
31500	-374519.05483358464	-374519.9271028091	0.8722692244302896	2.492318239471506	3.366641229943908	0.004270062965848562
32000	-374527.24064303853	-374527.0661955654	-0.17444747313916498	2.0617005648440583	3.505608784397799	0.004015608449800977
32500	-374517.14716274187	-374518.1389311034	0.9917683615524222	2.0421281357311805	3.4178269602877447	0.004012777064562711
33000	-374521.87444551225	-374519.50430814375	-2.3701373684953984	1.2164093285255975	3.475344222804427	0.004003294776010886
33500	-374522.66273539385	-374522.6345194199	-0.028215973918189974	1.7589528004792634	3.483047854172868	0.004064117154072961
34000	-374522.49436631653	-374523.02706394927	0.5326976327379871	2.070735930362802	3.460282541019185	0.0040682321451638555
34500	-374518.51190765365	-374518.29180226	-0.22010539369322846	3.055770244260137	3.308700307909753	0.004144967174678982
35000	-374514.07071402273	-374515.0896796584	1.0189656356958299	1.83027149713075	3.361733259806499	0.004192702315409363
35500	-374516.6696083021	-374516.2379880478	-0.43162025431747075	1.480988007243138	3.432476641423476	0.004235430720183927
36000	-374517.42483296787	-374518.2642034149	0.8393704470233629	2.3602609490652116	3.4103283991631708	0.0042364828893066255
36500	-374518.69267027784	-374519.71957226755	1.0269019897225409	2.4464022226818747	3.3630720625313315	0.004271336368136219
37000	-374520.68764155096	-374521.35076547007	0.6631239191099532	2.5686886902957333	3.40461418260787	0.004106656592114209
37500	-374513.66725976387	-374514.661804568	0.9945448041366021	1.8688075031083755	3.3898602839100693	0.004114064392931001
38000	-374513.2697050254	-374514.34950052947	1.0797955040320701	2.280391122850645	3.3898882368128502	0.004170779676417617
38500	-374515.7757697166	-374515.87149483943	0.09572512283188317	2.7000920582703714	3.4205608804025993	0.004137714066900761
39000	-374518.916119433	-374519.29343894834	0.37731951535447017	2.6915578454915505	3.3943111143766163	0.004158963134724991
39500	-374517.0017151888	-374515.78095937794	-1.2207558108465104	2.6887828125631534	3.520510130317454	0.004106003778141987
40000	-374519.8800120849	-374519.46765921643	-0.41235286849425457	2.245471690673837	3.5196941620313713	0.004058149896149215
40500	-374516.7412904249	-374518.0338013266	1.2925109016781313	2.0593199911176248	3.2803607860659385	0.004144099127323859
41000	-374518.99563254236	-374520.0126557693	1.017023226931415	2.525158591014649	3.3805086540847746	0.0040088565579438264
41500	-374518.9589843386	-374520.04849390144	1.0895095628207567	2.1312357852151265	3.4111115947024633	0.004130364234337491
42000	-374514.6287691026	-374515.18085401744	0.5520849148036655	2.5236905429720733	3.4239870106308397	0.004230131945058198
42500	-374514.78804566	-374515.25958353153	0.4715378715206153	1.6447122164186223	3.4005304462043924	0.004230592624837088
43000	-374514.03217695275	-374515.05337669177	1.0211997390110463	2.339244323266755	3.4059756254859184	0.004253190943655111
43500	-374516.399073413	-374516.8277489349	0.4286755218929379	1.5877600544478803	3.346223314887892	0.004119247472955461
44000	-374514.69369373855	-374516.03058416926	1.336890430739473	2.275827737774521	3.33323648720449	0.004328165511272046
44500	-374514.2462904485	-374515.5882946196	1.342004171095689	2.3307198058696397	3.3332407034810965	0.004287968038902917
45000	-374519.45662169927	-374519.07013763796	-0.3864840613042464	2.129158808202509	3.521480752127489	0.004236486522025238
45500	-374517.49444131134	-374516.6002030402	-0.8942382711410204	1.878645017831453	3.5458187730601693	0.004064907006703554
46000	-374519.5440792397	-374519.9367875458	0.3927083060878971	2.4587764687256763	3.4510562847393884	0.00422486204216038
46500	-374520.84650138614	-374520.77790548967	-0.0685958964878246	1.9351413880901098	3.4992487569024138	0.004330081659194556
47000	-374519.2115204833	-374519.5101806436	0.2986601602913499	1.8360394478886066	3.468901589538876	0.004400176415632238
47500	-374518.9180537951	-374519.1275558461	0.20950205098757557	2.4332582499290765	3.4643820335400464	0.004367968544585504
48000	-374516.7603534367	-374517.89570847905	1.1353550423240515	1.9702900045916991	3.371916186159439	0.004430578234370203
48500	-374515.4653528053	-374516.64119059936	1.1758377940632982	2.1984201867415876	3.286157291152787	0.004407954841319667
49000	-374518.07551947905	-374519.1385077837	1.062988304621264	2.3914875860314684	3.2772551884514347	0.00453682213130598
49500	-374514.75582680566	-374515.6868019318	0.9309751261896233	2.405690661705466	3.389486083945923	0.004446377156927619
50000	-374516.0556279441	-374515.61953543936	-0.43609250477356376	1.494228993545852	3.4422912789947504	0.004352514786003013
50500	-374523.57754919596	-374524.0946137969	0.5170646009561164	2.3880946232367624	3.440670758082126	0.004490313721770226
51000	-374515.89356706204	-374517.1882025596	1.2946354975697147	2.3082318218222726	3.290821451892975	0.004509340787500491
51500	-374517.7955913452	-374518.1521263308	0.3565349856479134	2.805072694831398	3.239659899522262	0.004599127669953311
52000	-374513.7707016081	-374515.20619231876	1.4354907106520995	2.1436998482413485	3.3350451523687794	0.004366113160520957
52500	-374514.7857545471	-374515.44854107127	0.6627865241372461	2.770388082255804	3.3039674829362666	0.004462201658724923
53000	-374523.3306774317	-374524.3516847662	1.021007334452193	1.907029941463786	3.2734890405513997	0.004310484183166033
53500	-374515.34952132916	-374515.9801711584	0.6306498292314737	2.376612113812701	3.201633618637282	0.004236052295260093
54000	-374515.8487019889	-374517.1331676706	1.2844656816662265	2.133509604118343	3.2709009812345706	0.004330268778483911
54500	-374516.97146140446	-374517.34625902056	0.37479761609896656	2.928360192484672	3.282545755735589	0.004334431929288433
55000	-374515.50134882954	-374516.5954923652	1.0941435356608356	1.934003903211829	3.4079167777962436	0.004341168909514306
55500	-374517.09879592113	-374517.9460729653	0.8472770441428628	1.9357811108458451	3.4398765099947357	0.004429068623532021
56000	-374513.4856946781	-374514.3382036899	0.852509011787765	2.249063831752136	3.4434614889708106	0.004219397188899413
56500	-374513.38207970775	-374514.0779842088	0.6959045010860923	2.545641756451829	3.420342741076755	0.004184441961276885
57000	-374518.1707162461	-374518.22857946786	0.057863221735089176	2.774584738932924	3.4331351338323715	0.004032966491472252
57500	-374518.9646786469	-374520.163566511	1.198887864133198	1.9856185602776097	3.361915329314981	0.004056784759840888
58000	-374521.7025630145	-374520.37103197037	-1.3315310441607764	1.484371014538866	3.511182589467909	0.0038625695128314125
58500	-374519.72053044674	-374519.55455030984	-0.1659801368702638	2.585597147717969	3.4624040862870227	0.0038439144131792013
59000	-374515.6158112646	-374516.0691364106	0.4533251460162182	2.65277182606844	3.3959236381256	0.004187245985308843
59500	-374519.67863332113	-374520.8529547627	1.1743214415575647	2.2316248254799675	3.2923260295967216	0.004262320352863012
60000	-374512.68852391734	-374513.4629419136	0.7744179962158171	2.426261032826274	3.246254494987942	0.004527192889888716
60500	-374517.6985897587	-374515.8472943721	-1.851295386622989	2.3966218805405277	3.5691555700910977	0.004261354759588806
61000	-374514.3142507479	-374515.2787509172	0.9645001692597983	2.0718834743858143	3.4141487386539278	0.0042028317452672175
61500	-374515.8562252434	-374516.4778143497	0.6215891063031087	2.462420001204736	3.4130377859297982	0.00434374321473056
62000	-374519.1563204682	-374519.7692157447	0.6128952765186	2.1672158703359434	3.4476544026824154	0.004400989605020019
62500	-374514.4004858172	-374514.9792550158	0.5787691985823669	1.8137496991399977	3.423367522872621	0.004360650454451755
63000	-374515.3781482333	-374516.2344845957	0.8563363623991389	2.2229325438832874	3.412043309557699	0.0043477029943944576
63500	-374512.95923335815	-374513.82673971244	0.8675063542720256	2.4932586829464984	3.283687656256913	0.004227517116269009
64000	-374512.2436606341	-374512.8087735089	0.565112874784278	2.6275937997807133	3.3777956050520035	0.004090601226856837
64500	-374516.12690958317	-374515.33196494577	-0.7949446373853819	2.086166354184845	3.53664953255735	0.004082134315867632
65000	-374515.1349612099	-374514.36495864973	-0.7700025601613438	1.8712249008301616	3.532481039438205	0.00421290675702799
65500	-374512.69301528204	-374513.73738100915	1.0443657271305158	2.305066635124745	3.394345669718595	0.004212452420092868
66000	-374518.0036978942	-374517.5275006215	-0.47619727269062917	1.497342560147664	3.4502182997245594	0.004038825389386285
66500	-374520.0761831078	-374520.98797053	0.9117874221827211	1.850594735772345	3.29730670028898	0.004325141085963305
67000	-374523.67712422356	-374523.7986071798	0.12148295621211957	2.905177987887516	3.282738524888672	0.004418870024716967
67500	-374519.3142786297	-374518.7763724289	-0.5379062008188562	2.5521957446126486	3.1454874271483266	0.0044473639106610615
68000	-374519.9231200714	-374519.36512938037	-0.5579906910580412	1.521980057357132	3.2396192309350815	0.004340929695679709
68500	-374516.3427621603	-374517.5295367189	1.186774558624954	2.3697156365035967	3.3155170845120985	0.0043458577463212
69000	-374517.1550281703	-374518.4105062557	1.2554780853557244	2.354828051420009	3.3300808182765604	0.004443381640778321
69500	-374515.97458776465	-374516.9722116668	0.9976239021557447	1.8278052114504513	3.316948270787474	0.004450788928874241
70000	-374521.2104453272	-374521.90716531227	0.6967199850414323	1.7066913099886585	3.3563634387779957	0.00438992277460484
70500	-374520.82053602656	-374521.26062209625	0.4400860697151341	2.670225083350362	3.23919758784667	0.0043527800043871604
71000	-374517.650059781	-374518.7110893782	1.0610295972283597	1.826468421064578	3.3718994815570844	0.004161110063893391
71500	-374515.74862943403	-374513.73721867276	-2.0114107612788104	1.8958088305564782	3.592614858615466	0.00405630974175817
72000	-374518.0931083083	-374518.3397622503	0.2466539419862972	2.0548532293640127	3.486478242415726	0.004030821537128549
72500	-374519.67258089443	-374520.57548405684	0.9029031624273358	2.136481473129349	3.435570296003101	0.004118781591539988
73000	-374514.31403287273	-374515.67252009426	1.3584872215068602	2.117991420856183	3.3276094464224193	0.004246852682584814
73500	-374521.47805457056	-374522.2422083603	0.7641537897332418	1.7491720520721037	3.3412531587663596	0.004256373751279913
74000	-374527.4421464946	-374528.01827296155	0.5761264669519814	2.468323561863765	3.4168358387596625	0.004083558548276196
74500	-374519.34414682287	-374520.4394793175	1.0953324946666987	2.167923024253245	3.4006866697728397	0.004027031343568774
75000	-374522.2700195177	-374522.26122953393	-0.008789983726175343	1.5008603468709774	3.3459298290125816	0.004054951103108769
75500	-374521.5934675204	-374520.84773101297	-0.7457365074130289	2.6116146701070946	3.4965903493446118	0.0040036412028818785
76000	-374526.8974653623	-374527.25444201345	0.356976651170271	1.7254995152410095	3.4321530567888168	0.004150279902834744
76500	-374521.8968555747	-374523.05554906017	1.1586934854747026	1.9560355594974657	3.358735766150408	0.004161500024906459
77000	-374521.9995675253	-374522.37723210675	0.3776645814822226	1.9298158247599098	3.460351117980218	0.0040875621513477445
77500	-374530.71521913534	-374524.03933074715	-6.675888388212149	3.7124122058212174	3.5604857681091686	0.0038316421037334334
78000	-374519.46403980185	-374520.4672901645	1.0032503626272167	2.0558340165429363	3.4003469582057715	0.003981104150285805
78500	-374516.4869684622	-374514.9891984612	-1.4977700010207453	3.2728905247278766	3.390414625808345	0.004048647391378512
79000	-374514.04349253053	-374514.9185014104	0.8750088798985125	1.831821935255503	3.325846510011728	0.0042499970764282415
79500	-374516.92319143063	-374517.75221837783	0.8290269472095764	1.9207081565661124	3.4004322820935124	0.004208613326102371
80000	-374519.29636215634	-374520.13124484924	0.8348826928720792	2.3027095856041884	3.43963894660295	0.004116464671068015
80500	-374521.3214424668	-374522.4100202352	1.088577768431132	2.2023152571933617	3.4232884961436807	0.004104123366183569
81000	-374523.1451662953	-374523.0805806081	-0.06458568717366653	2.72320464694832	3.4538251856310214	0.00413783805513839
81500	-374520.40787197044	-374521.18511858466	0.7772466142309717	1.77493064284982	3.421753919679852	0.004085240135663292
82000	-374520.8819047583	-374519.75561954617	-1.126285212138403	3.0030889959405362	3.4698306963972803	0.003926092041642992
82500	-374521.54117670335	-374520.6929781642	-0.8481985391786804	1.9498287260643268	3.549170506487181	0.004017512147796088
83000	-374524.2618389374	-374523.8797814455	-0.38205749192817606	1.8432585382977698	3.501668228051511	0.004057111598209875
83500	-374520.64660479064	-374520.2351994889	-0.4114053017444297	1.716256472066625	3.493595673198511	0.003884262598300514
84000	-374519.1685963971	-374517.84645565494	-1.322140742178684	1.8207352591393229	3.551604067061646	0.003983254596193032
84500	-374524.60054971406	-374522.2355363118	-2.365013402253056	1.9860253079090566	3.5978387266038436	0.004004230293289258
85000	-374523.445267439	-374523.5660595556	0.12079211660667966	2.018478368418824	3.476842211299578	0.003986060191017642
85500	-374519.62975618074	-374520.2661642247	0.6364080439496993	2.1843394675146257	3.4312367218520774	0.004100536812926126
86000	-374517.7845653046	-374517.8664958889	0.08193058433044875	2.417172251519702	3.453434231270662	0.004130462103303133
86500	-374523.19531567674	-374521.9541906455	-1.2411250312743487	1.8507596258898589	3.5487414197444367	0.0040716160609010526
87000	-374519.28851080965	-374520.35571641324	1.0672056035717743	2.1423173661533115	3.372548562897374	0.004272177188374795
87500	-374520.9401242933	-374522.0165465164	1.0764222230561344	2.289072771131675	3.299275544667425	0.004407886421658182
88000	-374521.2876143066	-374521.2215261626	-0.06608814402642427	2.6845834286712136	3.2005755007073455	0.004601289304775016
88500	-374518.5659565145	-374518.19607583364	-0.3698806808945596	1.8977716751819123	3.1739590175926415	0.004552933499268075
89000	-374520.9282129517	-374520.86166535853	-0.06654759317127024	2.8730674229013524	3.249079560143063	0.004458913000889954
89500	-374517.4470903083	-374518.0767056302	0.6296153219127669	2.138115392357575	3.23017947044354	0.004408174353052442
90000	-374518.5601275521	-374519.42478955124	0.8646619991587086	1.9309383389819683	3.284927992168438	0.004388614487222102
90500	-374517.47785501607	-374518.02398558764	0.5461305715607612	2.201038168153718	3.227062077118502	0.004501125726405733
91000	-374516.005433315	-374516.91617714864	0.9107438336538234	2.434408076303424	3.2627944740722454	0.004374010919906806
91500	-374520.5866110664	-374521.10076581745	0.5141547510521169	1.6936843159325816	3.290860290279211	0.004494657175611638
92000	-374516.61795900494	-374517.8107125708	1.192753565826771	2.07780788063168	3.298496436476217	0.004527157451297564
92500	-374513.97281070333	-374512.91382700775	-1.0589836955885117	1.329879879609861	3.316884101537541	0.0044154940006999235
93000	-374512.4667463338	-374513.533497575	1.0667512411315556	2.4363282295802007	3.3791152715747477	0.004340019046421912
93500	-374513.8272818443	-374514.5167548925	0.689473048203511	1.9274368510145086	3.2415668197054552	0.004778903218137242
94000	-374517.3872577088	-374517.1329689852	-0.25428872365360444	2.0786480044644517	3.158748942209287	0.004811581478425585
94500	-374515.4993431243	-374516.21305288	0.7137097557392105	1.7246742118313503	3.2919566568903633	0.0045772391501915435
95000	-374508.9175536729	-374510.03970334475	1.1221496718307833	2.0346940971439547	3.4055332483777456	0.004315688524994044
95500	-374514.6825597591	-374513.03772946564	-1.6448302934837642	2.0998643915013595	3.580455883964981	0.004215557494671617
96000	-374511.8968036434	-374512.3110432921	0.4142396487351565	2.6725196666363003	3.4190894070896816	0.00410026709995311
96500	-374515.7057588779	-374513.68527277943	-2.020486098454625	3.3352276048201936	3.446214681870471	0.0039991798675066016
97000	-374515.3837900144	-374514.6970802695	-0.6867097448898161	1.6387840912026768	3.5144065129830224	0.0039502520913530575
97500	-374519.06694838096	-374516.15508157876	-2.9118668022240435	1.6719680578298397	3.6176941809038	0.003984323327391867
98000	-374515.0550933388	-374515.3815300508	0.3264367120841847	2.2105460714063034	3.477469174683633	0.004129130872014967
98500	-374519.95154058846	-374517.4463478237	-2.505192764726761	2.1253093123818365	3.6129555731574583	0.004146458137877258
99000	-374513.36124122934	-374511.63529917767	-1.7259420516701551	1.8232598621369365	3.5826375348316866	0.003860009599850347
99500	-374517.26348888583	-374517.3965180308	0.13302914493163875	2.439875276042498	3.4767958382600397	0.003867814697236436
100000	-374515.99338178535	-374515.7191674405	-0.27421434483308715	2.6741965223409863	3.4694786818085257	0.004072122031314416
100500	-374521.8469700625	-374522.1777481207	0.3307780581473869	1.7413070797243275	3.4527297274594853	0.004040182090032774
101000	-374521.19194857025	-374521.0985577359	-0.0933908343156018	2.5960072077230327	3.4663603227326427	0.003969029571237044
101500	-374521.4342942239	-374522.15608600155	0.7217917776593232	2.5664425399018973	3.3943479915188837	0.00403625134534772
102000	-374516.5367469621	-374515.7681592624	-0.768587699691035	1.3563575622664719	3.3698981823594574	0.004273644153839537
102500	-374517.40188069065	-374518.2002487195	0.7983680288573822	2.500078472018039	3.246102510871426	0.004372900524567919
103000	-374517.6800759866	-374517.98370756325	0.3036315766774118	2.824741115152117	3.2506907848618303	0.004292675954617816
103500	-374516.6310572181	-374517.7828913827	1.1518341645648382	2.1518699795374503	3.391586978876894	0.004175209796079318
104000	-374520.1427570058	-374521.27823461883	1.135477612998443	2.372775359993883	3.2770971303083276	0.004259255971974663
104500	-374514.8984589044	-374516.23034318746	1.33188428302343	2.1349775465842327	3.289891481845401	0.004235702031025246
105000	-374514.25418217696	-374515.08041543077	0.8262332538292103	1.7070917370028589	3.317703344916408	0.004298408593797554
105500	-374514.18372890947	-374515.59379082354	1.4100619140564232	2.257329965619674	3.3562607475185415	0.00433176803572092
106000	-374516.6050762861	-374517.9664182162	1.3613419300514016	2.039373820817822	3.3120372017939395	0.004517597731052936
106500	-374514.0244569091	-374514.56719105016	0.5427341410427537	1.921733450891588	3.461475602530484	0.004362091405126316
107000	-374515.91236877796	-374515.58913557406	-0.3232332038821797	2.187064726165157	3.5183175685126744	0.004352868160164753
107500	-374517.494694946	-374518.49750311	1.0028081639638877	2.0793847734832007	3.4184856370255345	0.004521546039836699
108000	-374520.4736573692	-374521.7291802395	1.2555228702568293	2.372822014976193	3.345853852876855	0.004495693721984064
108500	-374521.8770130112	-374520.04661442526	-1.830398585943783	1.454732522998326	3.533931136477913	0.004467989465794235
109000	-374519.1823711664	-374518.6591463753	-0.5232247910757764	2.7387200270702903	3.474992539044397	0.004231578769166616
109500	-374518.29233338096	-374516.0267997848	-2.2655335961812604	1.253722289209271	3.49192064339296	0.004197680102122487
110000	-374516.6719932001	-374517.8124173968	1.140424196732944	2.1982197687584453	3.4101079135611903	0.004302264591820463
110500	-374515.1329793892	-374516.40010128054	1.2671218912972888	2.106644431972352	3.378087245389524	0.004435867854989085
111000	-374515.3194677963	-374516.0966109913	0.7771431949949674	1.849209827004396	3.4237530710194313	0.004317197628040954
111500	-374518.680361398	-374516.84122186626	-1.8391395317281356	2.2019329156808127	3.5866254578917856	0.004098443492419255
112000	-374517.74015730154	-374517.96556456713	0.22540726560177937	2.6797117384754543	3.4307620449016802	0.004099844914665566
112500	-374513.9106727249	-374515.03925283265	1.1285801077729634	2.1662402887704744	3.4110134953442315	0.004130262709113998
113000	-374515.93618011376	-374516.94287486334	1.0066947495875027	2.1233665491978284	3.424766965214451	0.004186420067599911
113500	-374523.92943807197	-374523.7897466872	-0.13969138474065534	1.9388154224160798	3.5076220790776276	0.004014585246724045
114000	-374521.56211715256	-374522.04563080467	0.4835136520961383	1.8657715264997643	3.4606317701347367	0.004052099329438387
114500	-374516.78380313417	-374518.0581447175	1.274341583303639	2.3196685198800284	3.33247634181657	0.004235279728610455
115000	-374513.71695885056	-374515.0469243018	1.3299654512217396	2.0588697338685673	3.3500667563041158	0.004282009491771613
115500	-374512.2605792473	-374513.52137046587	1.2607912185266477	2.1107287903733165	3.3601294744192685	0.004323093942080201
116000	-374516.9173311542	-374516.1370797079	-0.7802514462922305	1.6118025744671007	3.5056177378592515	0.00415386207532857
116500	-374514.03082851035	-374514.208533716	0.17770520563114278	2.330562471632915	3.471320431452627	0.00433025777972331
117000	-374514.96854230325	-374516.1039522184	1.135409915143459	1.9592022304903163	3.2983463469745673	0.004433583639348148
117500	-374516.45269577595	-374514.48741248954	-1.9652832863862386	3.5109440045211877	3.2236354043488213	0.004441023068077495
118000	-374516.50107782107	-374515.8883391991	-0.6127386219590658	2.974913723125718	3.4210249197931533	0.004427353543983151
118500	-374521.44079234515	-374520.75631580723	-0.6844765378985285	1.4132041466726197	3.416819021648551	0.004387183830225953
119000	-374512.68202867813	-374513.51132577145	0.8292970933508244	2.2429102119431286	3.424346105715632	0.004357480264892955
119500	-374511.53985203616	-374512.75451557746	1.2146635413021238	1.9444656137386491	3.3301779997435133	0.00429518700879261
120000	-374515.2534814005	-374516.4075437544	1.154062353909394	2.371956318194656	3.376422216334827	0.004280320284391532
120500	-374516.4788009857	-374517.8049322729	1.3261312872161213	2.044623097956987	3.2998218512194812	0.0042251651821297986
121000	-374517.2227712804	-374518.50577961624	1.283008335875195	2.0028366339014516	3.3451583761798096	0.004255321312605936
121500	-374517.49531214265	-374516.7154768039	-0.7798353387612833	2.1715032204260183	3.5371658683392946	0.004065969376858923
122000	-374514.9506269242	-374514.68586915423	-0.2647577699792061	2.6351509369355544	3.465905783059322	0.004240038225754582
122500	-374513.5201652779	-374514.79212129815	1.2719560202921114	2.1833529370977343	3.3503577281045107	0.004370411105510836
123000	-374514.8347844229	-374516.131043521	1.2962590981202062	2.0946237503689873	3.3321078558340806	0.0043601759336010185
123500	-374513.8635912322	-374514.50622304383	0.6426318116279557	2.4449807123670406	3.423021689528147	0.004417049920946409
124000	-374516.6035750488	-374516.81556192366	0.21198687484243095	1.6785416630280263	3.440308658733369	0.00448646347732159
124500	-374516.688394013	-374516.0098921453	-0.6785018676808061	2.830127310196515	3.460634370467364	0.004402633827349215
125000	-374517.0112002841	-374517.3954174108	0.3842171267277408	2.314292040200284	3.454786473193221	0.004425089387542157
125500	-374518.71547028807	-374519.08236332855	0.3668930405065316	2.852065393041379	3.2921379382526283	0.004288083587589188
126000	-374516.72203947394	-374517.420735993	0.6986965190652379	1.7292024348908739	3.3967385846724034	0.004015523382562022
126500	-374519.09247326804	-374519.16251597274	0.07004270469057516	2.1679242236249596	3.492495285225238	0.004014991094752941
127000	-374521.7987781627	-374521.958703846	0.15992568331168577	2.0128514610682147	3.4880312604673214	0.003948107882243583
127500	-374519.1829477547	-374518.5461363292	-0.6368114254771555	2.33277439604044	3.524326115497022	0.003799809642068872
128000	-374516.9133536216	-374517.9556045763	1.0422509546852483	1.9611297997815567	3.408612363730325	0.003973534128383842
128500	-374515.303636717	-374516.0518473409	0.7482106238860506	2.488712600712484	3.4075004558982442	0.004085066590940774
129000	-374514.96885799646	-374515.5684386522	0.5995806557766414	1.7234626037366267	3.400807205029138	0.00432567241844367
129500	-374512.9950564065	-374514.2580804893	1.2630240828035042	2.056315530706254	3.35632765256304	0.004311100902910806
130000	-374513.5222137251	-374514.5598770433	1.0376633181877617	2.274571327602968	3.3936879583574284	0.004332595567410436
130500	-374511.4599444945	-374512.4519166803	0.9919721858189483	2.2209018834824756	3.4094644898661883	0.004219999898032992
131000	-374508.282021742	-374509.54004205833	1.2580203163203318	2.298071378352395	3.3127715684654175	0.004297374882390651
131500	-374510.5837316053	-374511.9021995385	1.3184679331438778	2.051247947012894	3.348268454756841	0.004232911654123511
132000	-374513.91115042433	-374515.0848079293	1.1736575049646607	2.099935171176924	3.3709247503666853	0.004147893250007442
132500	-374513.274631582	-374514.35083662474	1.0762050426979393	2.4188178876744484	3.3166593912556404	0.004163593635231379
133000	-374510.9154836616	-374511.2941536805	0.37867001891497765	1.7719401989982453	3.445311545099477	0.003968628817587216
133500	-374513.454901793	-374514.6670856885	1.2121838955251354	2.038435337117984	3.365732006939311	0.004109215389127435
134000	-374514.3187064007	-374515.24302858417	0.9243221834867485	2.271298850098559	3.4095391889202946	0.0041043233054124245
134500	-374517.00557591126	-374516.7279957966	-0.2775801146733672	1.6177750817526428	3.4677595213749974	0.004215542118824117
135000	-374519.0074565293	-374518.44602843095	-0.5614280983314677	2.7473476734070363	3.464984609032141	0.00411585845495752
135500	-374523.5776692992	-374523.94238661655	0.3647173173372167	2.2932643791626464	3.4576541434355916	0.0041120520833541375
136000	-374525.14250360086	-374526.2704805292	1.1279769283221857	2.045854319190702	3.370689322326397	0.004232315964067803
136500	-374523.2513326426	-374524.4157022758	1.1643696332087892	2.2333049760085246	3.3352839560129084	0.004263005837532068
137000	-374518.591700861	-374517.4616445342	-1.1300563268161792	1.7644446842199002	3.541896332583644	0.004083033485132121
137500	-374523.32485878415	-374523.79552511266	0.47066632850323575	2.0279777111436887	3.4587251123156393	0.004015856701468835
138000	-374525.39655685605	-374526.6233769604	1.2268201043448093	2.074033788917894	3.372381447519285	0.004105786485456725
138500	-374526.12670369254	-374527.2535936618	1.1268899693019874	2.1893109135076445	3.389957834774868	0.004123106413960228
139000	-374525.3481173164	-374525.3825381332	0.03442081681733011	2.51368965269044	3.4645773442514742	0.0039992117976190905
139500	-374527.20072648325	-374525.7745922649	-1.4261342183707084	2.4144513952397144	3.5578076848590303	0.003865786745933631
140000	-374521.45874999714	-374521.3556114411	-0.10313855608007216	2.446314794887467	3.4871425320554863	0.004004966490809295
140500	-374520.1253289183	-374520.5784667965	0.4531378781875093	2.1040553066572096	3.4719224822758505	0.004197567660921977
141000	-374525.8348998996	-374524.78455684683	-1.0503430527645072	1.944860675525612	3.558520042193914	0.00397334777042185
141500	-374527.20870834374	-374524.5081722847	-2.7005360590667937	1.250792953076392	3.521812196053409	0.0038893042255975624
142000	-374524.1840861509	-374522.5479434319	-1.6361427189982427	3.054363698904916	3.482194031058753	0.004020157666099629
142500	-374522.74444839125	-374519.612759447	-3.1316889442367626	2.601730858666237	3.6041226486605447	0.003990068286431277
143000	-374524.7291380405	-374523.69747304276	-1.0316649977406263	3.0061237874310613	3.453456746900016	0.004183757313626401
143500	-374514.2720796934	-374515.55163579213	1.279556098770633	2.2134953980914416	3.2840485269380832	0.004345691598255181
144000	-374514.014343603	-374514.9293039695	0.9149603664787209	1.7880046671686125	3.3167002306395013	0.004429253444811537
144500	-374513.27996813133	-374514.48612178315	1.2061536518386449	2.4479942999724775	3.34666934876813	0.004210471060277601
145000	-374514.29181841115	-374515.6078192139	1.316000802756366	1.9503471203129017	3.325549391678056	0.0041665974892619246
145500	-374515.6974862909	-374515.83983525797	0.14234896708163092	1.8810701739276823	3.4862274703987435	0.004206268741809237
146000	-374516.98726897646	-374516.2899718785	-0.6972970979349187	1.5011977786677428	3.478913107663527	0.00416631723842045
146500	-374518.01211518544	-374518.24014407606	0.2280288906118786	2.544347217630087	3.451754250737859	0.004113519612948619
147000	-374517.2550626076	-374517.54262638924	0.2875637816465373	1.734510314040722	3.457097563152855	0.004064496817830038
147500	-374520.0902152902	-374520.20375300606	0.1135377158901516	2.1888451897606482	3.490941828832752	0.004146919730146463
148000	-374513.5279606758	-374514.6334091497	1.1054484738975034	1.9526647562829729	3.391519470234847	0.004180328101565329
148500	-374513.07278387115	-374514.3163826333	1.243598762148391	2.1149574457009	3.384744536429579	0.004234070758405642
149000	-374511.5198414425	-374512.65363205725	1.1337906147197234	2.4888139084476366	3.314300261465599	0.0044465091044705715
149500	-374516.56182583823	-374517.89972022764	1.3378943894020612	2.146779809106519	3.3628355859246515	0.004318686235465608
150000	-374519.56556652836	-374518.96889466146	-0.5966718668660587	2.9648906435893667	3.4283509961537977	0.004316042385964232
150500	-374516.75989652605	-374517.08027206274	0.3203755367115937	2.6163911416523584	3.4159976473755176	0.004201658589266983
151000	-374515.5353574396	-374515.6082356537	0.07287821413478568	1.7143423026380944	3.4610865941924054	0.004095171634203275
151500	-374515.3953278775	-374514.7864521375	-0.6088757399925306	1.890592679525755	3.5252022037298394	0.004020577946659513
152000	-374514.99365331273	-374515.66860434995	0.6749510371935576	2.4669394936026037	3.4046341950915338	0.00417325390130894
152500	-374515.452990725	-374516.2376560259	0.7846653009091122	2.6001825845987057	3.32345524703033	0.00420239425628384
153000	-374515.4505179334	-374516.0781899465	0.6276720130914368	2.6981149240188786	3.2977385589907215	0.004177945878965015
153500	-374513.5105522956	-374514.74573613156	1.235183835978023	2.0510161508423126	3.3368328891868844	0.004256126241502186
154000	-374515.54864621273	-374516.44741113525	0.898764922492254	2.4208511401374	3.3885191133436177	0.004198245948106429
154500	-374517.19912380364	-374518.28552987194	1.0864060682939938	2.0087118872584413	3.374453220061133	0.00428942723570162
155000	-374511.792397196	-374512.77327405004	0.9808768540129638	2.050079914241513	3.2647904343603673	0.004397729878720014
155500	-374511.563239651	-374512.65417176456	1.0909321136104833	2.4316300150204815	3.347537117421336	0.004184573333219684
156000	-374512.5033684198	-374511.75135065964	-0.7520177601949483	1.5378424903878698	3.2199474995962385	0.004273904921859396
156500	-374513.4654554933	-374512.7354429738	-0.7300125195237976	1.5961816472955432	3.2047473216925524	0.004298185446467352
157000	-374512.4301472328	-374513.2908968502	0.860749617372286	1.7681451644379789	3.359703802832367	0.004006126743066823
157500	-374514.53818296746	-374515.0344895957	0.4963066282073303	1.8020657710428427	3.253645249177456	0.004251397642052794
158000	-374512.20564465196	-374512.4237049242	0.21806027224115887	1.5715744795333413	3.324640075522438	0.004158959848007572
158500	-374517.2635412589	-374518.3996874684	1.1361462095584347	2.224678488905367	3.2814327491485256	0.004246290758011477
159000	-374516.38068608294	-374516.74191358447	0.3612275015114612	1.7267505236148397	3.4352338731245653	0.004144607801361584
159500	-374514.58538036986	-374515.14260786225	0.5572274924138911	2.1542011399647714	3.451627472379582	0.004158758951669713
160000	-374515.60494590376	-374514.82773900725	-0.7772068965042198	2.9720391483393804	3.431781357024759	0.004207485829369584
160500	-374514.8889121348	-374515.1326121761	0.24370004129154577	1.7177477454889876	3.444901076114453	0.004245259356975555
161000	-374521.6348222455	-374522.22414999537	0.5893277498831404	2.0145790646395834	3.447053109666638	0.004342229152350618
161500	-374515.8187889297	-374515.8275028544	0.008713924669976336	2.780789067882242	3.41095918012466	0.004363405148943971
162000	-374518.03981992975	-374519.0251344794	0.9853145496721103	2.093025546302087	3.269690739458869	0.004481688224908143
162500	-374515.08415989194	-374515.4502553062	0.3660954142602586	2.1769540545877786	3.195388257070305	0.004277292760453094
163000	-374518.63428944984	-374518.9085104512	0.27422100138843675	1.6598419054314846	3.2613657751675356	0.0040127503287351735
163500	-374517.52528773487	-374518.7233670417	1.198079306799066	2.0119055842543925	3.291838216968662	0.004084889283926083
164000	-374517.3427105868	-374518.0714054715	0.7286948846836712	2.0339858806560107	3.2299187846873103	0.004212761038849874
164500	-374518.3942462535	-374518.58981112234	0.19556486885201796	1.7033048655293408	3.242453936717071	0.004257112017355371
165000	-374519.1275198042	-374520.2646615632	1.1371417589951198	1.9319821547400358	3.2963539124406935	0.004056324100003437
165500	-374516.66908995976	-374517.9265399544	1.2574499946479865	2.191582946033871	3.386958685021044	0.004032268298040456
166000	-374517.2405623673	-374518.3838144047	1.143252037401985	2.1127977663945177	3.4268946749656233	0.004077725657401766
166500	-374520.6712838199	-374521.0204210881	0.3491372681887981	2.8190458766841036	3.410063178441028	0.003963619013905376
167000	-374520.5460084876	-374521.85698835383	1.310979866244101	1.9883627971443723	3.398720660395255	0.004016456089309291
167500	-374515.2704272608	-374515.935772861	0.6653456002390916	1.8872649159213053	3.4522921491281173	0.003959283874576062
168000	-374512.6223888271	-374511.75954529014	-0.8628435369254568	2.91126516881335	3.4630887572197357	0.0039942243293504
168500	-374514.195741722	-374512.5151084619	-1.680633260134404	2.4324380665882854	3.567060067053944	0.004023998278263878
169000	-374516.99604622566	-374516.2680321906	-0.7280140350225546	2.6299944696385107	3.5041908647495377	0.003927420862328828
169500	-374515.7567556982	-374515.38908402226	-0.36767167591661654	1.6360418011901856	3.486065909895977	0.004126741643566388
170000	-374519.88149530935	-374520.2529086133	0.37141330393074234	2.275961467302607	3.4723804649861876	0.00407619404486723
170500	-374521.5493733244	-374520.9341707472	-0.6152025772061336	1.6156690004715928	3.501563038701712	0.004028755504972401
171000	-374511.6570557257	-374512.98554503423	1.3284893085448433	2.0044649296633543	3.359117492310199	0.004158883792999428
171500	-374513.18223753065	-374511.2458234894	-1.9364140412563806	3.307838589980988	3.4418308376151714	0.004235826868774099
172000	-374510.7140002522	-374511.65102434263	0.9370240904234564	1.75049946708868	3.366073728656536	0.004196559753828683
172500	-374515.0403582214	-374516.43156045635	1.3912022349742834	2.3044507003535544	3.302406678914838	0.004143898659420078
173000	-374516.23689104285	-374517.19860573695	0.961714694121925	2.636114612038423	3.2976520197130728	0.004139438220484168
173500	-374517.4259751384	-374518.1065458985	0.6805707600978232	2.4050176259500073	3.2120647523145553	0.004262086114001599
174000	-374516.94836987	-374518.22646938247	1.2780995124200114	2.320288723737695	3.3521118384479935	0.004447289580251424
174500	-374515.52028628386	-374516.4195750797	0.899288795849154	1.780403797724882	3.307620266105468	0.004389661465894502
175000	-374513.16528798576	-374514.22299862676	1.0577106409817771	1.853279774623077	3.302158508352368	0.004365234126459326
175500	-374512.8811563637	-374513.54887286207	0.6677164983617185	2.8051992348526764	3.338875941950262	0.004206789424946958
176000	-374515.6849673573	-374515.55246158945	-0.1325057678801711	1.4606743767580588	3.381704031225496	0.004055830688353428
176500	-374516.808602897	-374516.06835376046	-0.7402491365463328	3.265635194985008	3.308135388064538	0.004264323631411265
177000	-374515.3251568496	-374516.69468569075	1.3695288411495685	2.0594555541412918	3.3107042185833753	0.004269567176636356
177500	-374514.14934931503	-374515.5357645975	1.3864152824584544	2.2409497258012956	3.3334135767749675	0.004405837695339994
178000	-374512.60277324787	-374513.9099948161	1.3072215682725101	2.046668332465405	3.316669215110667	0.004405867343497003
178500	-374521.5420317961	-374522.03179723385	0.48976543775449866	2.711791758035354	3.2635161452284134	0.004462515820848662
179000	-374520.9957682065	-374522.2536530156	1.2578848091239863	2.169161827959457	3.3100143139970863	0.004511969124105558
179500	-374516.2894436314	-374517.0390532041	0.7496095726764631	2.687190554942756	3.324958393432112	0.0043635467605521085
180000	-374513.4581273256	-374513.9780099554	0.5198826298219892	1.6569073957269416	3.3873446427772946	0.004336563992512332
180500	-374517.21511164185	-374518.0484414955	0.8333298536718035	2.419152416695581	3.415321255819228	0.0043698176999358756
181000	-374517.651361531	-374518.8361055054	1.184743974436052	1.931696840916612	3.378297181784432	0.0043470081050111
181500	-374510.9233512966	-374512.02666973975	1.1033184431916618	1.8448123697745709	3.329217857866966	0.004300909398245411
182000	-374513.9039803532	-374514.6171638143	0.7131834610959791	2.7069101893344727	3.3320970916984702	0.004293681514778934
182500	-374511.7185251937	-374512.84813860036	1.129613406671628	2.062809093899845	3.4025093316847266	0.004143689969950979
183000	-374515.17871219764	-374511.96667192155	-3.2120402761034974	1.1137140487048516	3.4712753812301145	0.003956785069662961
183500	-374517.66956150986	-374515.08191543695	-2.5876460728980053	3.0333398034788526	3.528400877705082	0.004043844545493885
184000	-374515.1121830635	-374511.88292619307	-3.2292568704590217	2.975367266275486	3.5629644910322673	0.0040864142672059085
184500	-374514.54348807526	-374513.72009785776	-0.8233902175055237	1.8588543834129883	3.538999061990417	0.003984360722932203
185000	-374512.1445476796	-374511.722822587	-0.4217250925947491	2.4123028885544895	3.502728282924413	0.004107121043539954
185500	-374512.1096409225	-374513.2463973029	1.1367563803967915	2.0776798328080126	3.388582781397208	0.004297541093106155
186000	-374511.1686480709	-374512.0059657255	0.8373176546162187	2.380993289856523	3.3921714322063954	0.004205143760812413
186500	-374515.08775596356	-374516.2551340806	1.167378117056221	1.9999715376997131	3.3051866542793724	0.00414505340757701
187000	-374522.3026799575	-374522.5007636572	0.19808369974887352	1.9226381720025754	3.4777063412993647	0.003979525962802685
187500	-374526.2457331599	-374526.6619970769	0.41626391701380516	1.728604043062258	3.4181485470333275	0.004230571035758521
188000	-374522.8195673607	-374522.3877170336	-0.4318503270754892	1.5375009198022722	3.4500927231332676	0.004314254084820013
188500	-374522.4926808911	-374522.6754389708	0.18275807966058455	1.8781770093317478	3.4689785816251986	0.004202333188090119
189000	-374519.64723405236	-374520.2222358122	0.5750017598532837	2.0344398013018146	3.4513429454483866	0.0042935665581850906
189500	-374519.60612346424	-374517.7738671601	-1.832256304161442	1.3903390699025504	3.511808511554016	0.004216339535232736
190000	-374521.36610903556	-374520.5971222282	-0.7689868074006467	1.5757062489285198	3.490773775395258	0.004307662110335992
190500	-374517.1246960375	-374518.24048973864	1.1157937011509116	2.0689432498353324	3.382980862882717	0.0043475150200036755
191000	-374522.05458963173	-374521.8389860635	-0.21560356822629778	2.799398782840247	3.421093832908684	0.004362861725001574
191500	-374517.96150261693	-374518.5480380936	0.5865354766968824	1.9847283173372157	3.2312642330644668	0.004497301990914403
192000	-374524.0198943702	-374525.03369786905	1.0138034988287838	2.1775879856065607	3.2678559633580564	0.00444008391592777
192500	-374523.9635731552	-374524.361951167	0.3983780117528495	2.643823870919944	3.396535159979433	0.00433509277688614
193000	-374526.18709851126	-374524.8939989028	-1.2930996084322723	1.5459852001067218	3.18614302138536	0.00459691457265275
193500	-374525.396959757	-374525.55739395606	0.16043419905494005	1.9711514420439316	3.20147914351726	0.00457456559079805
194000	-374528.5051406408	-374528.71702516987	0.21188452909798894	1.577605002564999	3.353749045384141	0.0042883640397619865
194500	-374523.79418173095	-374524.4875423395	0.6933606085297042	2.0042359147499376	3.243564999292758	0.004212999377184379
195000	-374523.89036995434	-374523.2758934259	-0.6144765284147597	3.116144698252502	3.2585575580238375	0.004213349473055561
195500	-374524.3539700455	-374525.2246116134	0.8706415678562083	1.963206816834206	3.2689937240831637	0.004260165095087575
196000	-374524.0861943526	-374524.93062237196	0.844428019377081	2.2655983450396455	3.4060448175852023	0.004057308531137213
196500	-374523.1094245143	-374523.48733161786	0.3779071035877477	1.9863764771655983	3.460663322685699	0.0041964872959023725
197000	-374524.17028610525	-374524.8683496953	0.6980635900135432	1.7090264836201923	3.3606674659686755	0.004275439005157957
197500	-374526.2537203183	-374524.8971665459	-1.3565537724036218	2.929877795055985	3.479119837251044	0.004227066335897617
198000	-374520.0725471417	-374521.3018400664	1.2292929246925581	2.1823112112437886	3.37356304296792	0.0041918708164229695
198500	-374521.7472504228	-374522.55535186426	0.8081014414904173	2.0471180250292837	3.4287221327970694	0.0042247517462515125
199000	-374523.895530859	-374523.0265857279	-0.8689451311235414	2.713052021841221	3.484727721696066	0.0042787532612778645
199500	-374524.89430586895	-374520.73097836965	-4.1633274993002996	1.4504235089578537	3.6332288035152334	0.0040253287038800245
200000	-374519.88971309137	-374518.6220091668	-1.267703924573218	1.7113769581145817	3.548667172496219	0.0038227096656684185
200500	-374516.80781012	-374517.0934404833	0.28563036334131375	1.7487860850788361	3.4538358496843	0.003953833541121674
201000	-374520.2471078396	-374519.16855748463	-1.078550354977419	2.5270685681331817	3.5276946438755177	0.0038958309731565812
201500	-374521.57136599964	-374522.6308375139	1.0594715142224098	1.8116278467500084	3.348082209797702	0.0039277311704051
202000	-374519.97712600196	-374521.0213056754	1.0441796733945488	2.3000269392225294	3.4013964719999965	0.003967978024419797
202500	-374518.7596113393	-374517.29977003695	-1.4598413023853531	3.2597180106127426	3.4040345172040616	0.004074796613293777
203000	-374515.6085991648	-374514.59451060713	-1.0140885576571632	2.4447189481233638	3.526182833171245	0.00418320344649458
203500	-374517.1528122499	-374516.860950672	-0.2918615778883069	1.7630454997631837	3.495281515660361	0.004080934782264079
204000	-374513.8144622242	-374513.6149257407	-0.19953648348599362	2.6286532541004153	3.461766281118082	0.0039456776619690905
204500	-374514.3222598678	-374515.4039792259	1.0817193581264055	2.0852524484114543	3.40717061462055	0.003910861895532963
205000	-374518.73888803605	-374519.97888796	1.2399999239777184	1.9758927421228165	3.316525811335026	0.0038509948463177515
205500	-374519.45103308	-374518.03281263285	-1.4182204471240478	3.1872287549802647	3.4248161021997348	0.003787555363485371
206000	-374515.98411411175	-374516.76807969087	0.7839655791303928	2.543617304978983	3.38266421001824	0.003853746753702401
206500	-374518.9039162141	-374519.4016769933	0.4977607791490133	1.7546896496903568	3.2601390948714926	0.0040164278655226
207000	-374519.5789848233	-374520.3518923555	0.7729075321779888	2.2643731254328663	3.228045425506141	0.004152911152469459
207500	-374514.85137575073	-374516.09638102056	1.245005269841391	2.280107390332955	3.3068928487244795	0.004131727455476227
208000	-374521.2334027553	-374521.85271876963	0.61931601432285	1.9876446466094992	3.227376980646522	0.004195750036760819
208500	-374514.6707776127	-374514.88513900386	0.21436139111873675	1.861016249965096	3.2119953227180797	0.00429595068265043
209000	-374517.86029212817	-374517.777441866	-0.08285026216362024	1.565194277890616	3.2766654789128067	0.004412762663940147
209500	-374519.0211209798	-374520.0675152772	1.046394297403114	1.9079519478446183	3.2973190391803597	0.004294221265403799
210000	-374517.13970198185	-374518.4262897915	1.2865878096265106	2.275768296781234	3.3487047276937605	0.0042984251273028625
210500	-374518.77746666275	-374519.4192207503	0.6417540875548244	1.9690295711663548	3.442807985661316	0.0042812203907320835
211000	-374521.19975995395	-374521.68920371856	0.4894437646230827	2.007186992296393	3.4574196415795395	0.004105682063183617
211500	-374523.51586654794	-374519.44455878244	-4.071307765476878	2.6655332880879423	3.625900981276668	0.003913386814558252
212000	-374517.02692149417	-374516.6978790477	-0.32904244644062164	1.7953386880806659	3.506306519504051	0.0038894432535996415
212500	-374517.06598085014	-374516.7500501723	-0.3159306778263291	2.926690798681703	3.4105664991566136	0.003878430167364741
213000	-374520.40518213063	-374520.2042085637	-0.20097356693720503	2.558656951585026	3.4782082524473403	0.003765827791745529
213500	-374519.01010900916	-374517.9544701915	-1.0556388176748568	2.185361794094416	3.549377354316025	0.003789412260816531
214000	-374515.94797365484	-374517.1469338253	1.1989601704544395	2.116124807679025	3.382823241181148	0.0038550407515666506
214500	-374517.0682310365	-374518.15772591357	1.0894948771103845	2.460152150725593	3.319854692471624	0.003941149704816592
215000	-374513.91804221325	-374514.8942204114	0.9761781981686042	1.8496622117750328	3.37942839203085	0.003969384093683317
215500	-374516.12179914734	-374516.11737798725	-0.0044211601113355314	2.8665878788015364	3.3917127482358325	0.003817495793048682
216000	-374514.3385381677	-374515.1434255993	0.8048874316193864	2.0829086583600653	3.439190440501474	0.003883243656476095
216500	-374516.7312010929	-374517.92836569354	1.1971646006782048	2.1714176477225418	3.384028492769506	0.004006910250941723
217000	-374521.3632241663	-374522.141129868	0.7779057016332693	2.636048601794985	3.3405467600609495	0.004070759584146541
217500	-374516.75564386824	-374515.1804172605	-1.5752266077082107	1.333004733069539	3.4708706778273677	0.004088855380843506
218000	-374515.9560320223	-374516.5880008992	0.6319688768838958	2.4328755600160545	3.418377464508089	0.004186629801167471
218500	-374518.5650901737	-374519.26418872096	0.6990985472708786	2.627931475897044	3.3408674066424364	0.004275699867179672
219000	-374517.7032525941	-374517.93732594396	0.23407334988254647	1.5781214474721739	3.3270653259691843	0.004235955988434074
219500	-374518.9717258205	-374519.8287140436	0.8569882230686607	2.029008104157107	3.252391865400028	0.004354671113027237
220000	-374519.12208748725	-374520.1060750121	0.9839875248596881	1.9212789028911688	3.3712412564187764	0.004402864685075188
220500	-374518.2258518684	-374518.1724116502	-0.05344021822826761	2.9309936942943065	3.2608095006959994	0.004403250920068841
221000	-374517.8116575858	-374518.73350798385	0.921850398052638	1.8313173181110942	3.3545586851065607	0.0043592688576620095
221500	-374520.5968792655	-374521.33696481085	0.7400855453499036	1.7501494395823136	3.3744000041567688	0.004312938822915866
222000	-374518.00938870624	-374519.0857342513	1.0763455450408106	2.3124086174604916	3.3646443025731494	0.004084500565280193
222500	-374515.43493491085	-374516.1428783615	0.7079434506830768	2.5410217001445354	3.3692168512558176	0.004112601230462109
223000	-374515.2111482067	-374514.7051441658	-0.5060040409526909	1.5235051397502244	3.253023044232117	0.004266523263320306
223500	-374518.504189835	-374519.45315002225	0.9489601872804805	2.349103173649816	3.3580277584169367	0.004240685129684846
224000	-374517.4947462758	-374517.4732222672	-0.02152400863139725	1.5304608494311884	3.387552286393444	0.004048058746415801
224500	-374522.56796557386	-374521.90848206833	-0.6594835055134691	2.724532760064117	3.4690064585429696	0.003935162518559046
225000	-374526.279139935	-374526.84323753766	0.5640976026583813	1.7997933508015738	3.4279889405263764	0.004043976147176633
225500	-374522.0172318664	-374521.124361968	-0.8928698983851913	3.238342706604351	3.285858835722106	0.004195940788837273
226000	-374517.7538324738	-374518.55128281424	0.7974503404035813	2.5849391518231415	3.311541721482437	0.004158047948215797
226500	-374521.9526706191	-374522.0414326488	0.08876202967134805	2.061983618159343	3.495801236332927	0.004038980658525454
227000	-374521.144202282	-374520.8664748734	-0.2777274086144015	2.3180898352389194	3.5089848985353793	0.0037869933148255226
227500	-374516.71558548626	-374514.6630822604	-2.052503225846978	1.7886848500577355	3.590606181298436	0.0039025955424125706
228000	-374516.2725122702	-374517.1047734595	0.832261189279575	1.7717093648252011	3.3921567188789945	0.0042078944941778594
228500	-374513.5684960136	-374513.99958373973	0.4310877261591006	1.785685473433741	3.4499851292077457	0.00399781180337695
229000	-374517.2227974382	-374518.5523872195	1.3295897812926452	2.2921436742352266	3.359976554288926	0.00391817472613113
229500	-374513.4493889405	-374514.84123900963	1.3918500691209026	2.0884987947879523	3.3592053345293884	0.003945815982053169
230000	-374511.4057227796	-374512.56500976585	1.1592869862650002	2.029345836986257	3.3940303822666404	0.004080677291022309
230500	-374513.91657917027	-374514.50833453034	0.591755360101037	1.7909723490246945	3.435703328020191	0.004000518677349472
231000	-374512.7497772002	-374513.4366920917	0.6869148914426955	2.404587818342406	3.425411550833076	0.004103767029582317
231500	-374516.13892051036	-374515.3908289494	-0.748091560939903	1.3987739358504272	3.4211170283076378	0.00423020199855302
232000	-374513.4527298275	-374514.19637248246	0.7436426549503858	2.6114147404267607	3.374126463034994	0.004311736105035939
232500	-374515.7908678186	-374516.7994307329	1.0085629143293353	1.9220101409909154	3.3976066370390594	0.004231583521980109
233000	-374517.33206797374	-374518.592550438	1.26048246426262	2.073258530642855	3.3571950080215975	0.004161940534133068
233500	-374517.5461002553	-374518.70347876067	1.1573785053686656	2.0605288986020502	3.397470999517343	0.004238032369098888
234000	-374514.5701732639	-374515.50312691706	0.9329536531652538	1.8585822667459384	3.413827811293308	0.004031373055768335
234500	-374520.74808024406	-374521.8692354777	1.1211552336571842	2.353769831573675	3.399772212100462	0.0038730631511532435
235000	-374522.0613102745	-374518.6841370951	-3.3771731794166646	1.0522408007811843	3.406174620152143	0.00400230597677081
235500	-374514.42754242686	-374514.52764584596	0.10010341909091292	2.296298417382213	3.4803208449808425	0.004196330136363646
236000	-374523.0976253465	-374521.6210132728	-1.476612073696213	3.05982719690809	3.465195196854839	0.004070788515340833
236500	-374521.56689522346	-374521.59971951874	0.03282429529385844	1.761533589648885	3.478791254024568	0.004014243927166439
237000	-374516.91534256696	-374518.25371585356	1.3383732865903237	2.078220208579591	3.340386232635719	0.004282127724872591
237500	-374517.917542318	-374518.7294455061	0.8119031881355259	1.7277775783118599	3.332794822354928	0.00429611331319035
238000	-374515.4876698427	-374516.76378832606	1.276118483331782	2.2902587172689963	3.3615543761014517	0.004193634841623686
238500	-374517.64721759583	-374517.59751343087	-0.04970416498973318	2.3871732103855186	3.4869681326723536	0.004210064909237562
239000	-374522.0062774681	-374521.7698779515	-0.23639951662973502	3.0458072320601794	3.368178825669112	0.0042329143615386375
239500	-374521.0850565937	-374522.3672034076	1.2821468138555838	2.0619910406309003	3.381049894219893	0.0041689692603334265
240000	-374516.8445840768	-374516.45047994517	-0.39410413158477553	2.753977057998106	3.4581833909648663	0.004027978469457428
240500	-374520.92938764836	-374519.0736259581	-1.8557616902580234	2.4088583137414754	3.5688584934559113	0.004224082265893225
241000	-374521.96138436114	-374522.00672499614	0.04534063498627017	2.2460576317439376	3.4908535198457473	0.004109630072138707
241500	-374518.9371311355	-374518.9663242847	0.02919314919456717	1.8763187188478343	3.4776805746024277	0.004081636539078287
242000	-374523.4369142719	-374522.57829202863	-0.8586222433064394	2.444746351265626	3.509370318356561	0.004330389196620098
242500	-374525.16358239506	-374525.64483416977	0.4812517747337708	1.8197049300911112	3.41763018975626	0.0044979879293205755
243000	-374519.0300419536	-374520.10140735016	1.0713653965302736	2.09524061942427	3.3182040064515834	0.004437857994939105
243500	-374522.1604370526	-374522.3497821635	0.18934511088217043	1.963347917877272	3.2098511808483208	0.0045107754378923195
244000	-374521.918486234	-374522.1906308033	0.27214456931626874	2.724407826061982	3.3585297720808285	0.004252239066497002
244500	-374524.5608294592	-374525.05210641853	0.49127695930445814	1.6923415308767749	3.366017312047361	0.004268076456063417
245000	-374526.0288275412	-374524.34003604	-1.6887915012269934	3.160327876431869	3.4326629380322022	0.004195386392870207
245500	-374516.4900871241	-374516.86703006446	0.37694294032014053	1.6375232068084882	3.400564418905393	0.004037614082445964
246000	-374524.84736932645	-374518.7315768837	-6.115792442768331	1.5723449123707396	3.7086874077435943	0.004006451279816845
246500	-374519.4343293891	-374518.8250345964	-0.6092947927615349	2.0999247726240804	3.5275299660738546	0.004107147509986878
247000	-374522.2038101832	-374523.0138938043	0.8100836210551972	2.2635302592852744	3.413724039202547	0.004222315936594189
247500	-374519.28659232554	-374520.259112978	0.9725206524708669	2.182723883831116	3.4023334162794296	0.004237538106093611
248000	-374516.95861932077	-374517.95893131563	1.0003119948713195	2.3026186898989716	3.2688516696622947	0.004294137963714354
248500	-374519.50151718076	-374519.24879362725	-0.2527235535017587	3.011918409753163	3.3670034028234648	0.0042745317771190425
249000	-374516.0881933559	-374514.8551843056	-1.233009050303659	3.242508917565653	3.3989124337042926	0.0043279988827385025
249500	-374516.86668211845	-374513.3275534666	-3.5391286518355463	1.1231571528587987	3.50282159594266	0.004215521541178117
250000	-374515.4232972039	-374514.880487608	-0.5428095958704571	2.226839825319902	3.524964392972495	0.004153968640437915
250500	-374517.909346181	-374517.9064709741	-0.0028752069177029327	2.3500128572741543	3.482213430087852	0.0043373673921502315
251000	-374521.25960307574	-374520.9908291275	-0.26877394826900325	1.553810814628694	3.452263943312442	0.0042807412909469985
251500	-374516.7907960333	-374518.0231319217	1.2323358884347426	2.0867663587394776	3.3920099715384673	0.004428496459662853
252000	-374514.8425749209	-374515.63368181256	0.7911068916303226	2.392160565809121	3.231605244064557	0.004625119973482275
252500	-374510.67185468803	-374511.825994776	1.154140087923473	2.331854495378451	3.3885088989227463	0.004297107607702502
253000	-374514.11546043796	-374513.7064426159	-0.40901782206032333	2.9363646988857877	3.4152975172174993	0.004336014388037674
253500	-374515.1997377927	-374515.48554716667	0.2858093739251215	1.663256957635015	3.4329865584558408	0.004180577307489053
254000	-374517.88702125545	-374515.9229126653	-1.964108590175928	2.4956243912481972	3.5731869631693125	0.004012742319246984
254500	-374517.193812677	-374515.3992013519	-1.7946113250628848	2.330025717052216	3.5800671049434882	0.003958282832277489
255000	-374517.028290117	-374517.77489050373	0.7466003867369624	2.5349532818974363	3.406780569610168	0.004109876938261669
255500	-374513.1696528664	-374513.38952778943	0.21987492307943235	2.1133726932029324	3.4880545705277908	0.004195819222026354
256000	-374516.6691027728	-374513.81970936345	-2.84939340929978	2.845214103744357	3.5685620267391225	0.004192349361644249
256500	-374518.45602907956	-374518.559017702	0.10298862245757512	2.5944987346896746	3.450515055301964	0.004316108428282094
257000	-374515.04035108374	-374515.1140601888	0.07370910509820217	2.491106239834774	3.466391763475634	0.004075952324045062
257500	-374515.8895563513	-374516.24625214137	0.3566957900613881	1.9252999425674282	3.4723950073409635	0.004101663888175537
258000	-374516.5186296371	-374517.50327378564	0.9846441485405748	2.4071045337923835	3.4108586545462236	0.0041181880257706045
258500	-374514.39877961605	-374515.2565663453	0.8577867292438013	2.157185288029656	3.44212646332945	0.004006838646404288
259000	-374512.5376939366	-374513.2526639026	0.7149699659883169	2.6224917233330425	3.394100685707483	0.004039785899965065
259500	-374519.31132030045	-374520.2472641366	0.9359438361747747	1.9883302334545694	3.2400349407505518	0.004161352695479855
260000	-374518.96186693024	-374519.14658978616	0.1847228558928382	1.6617577402408068	3.4588067715152717	0.00388487878516485
260500	-374518.69224623794	-374519.74968320905	1.0574369711058544	1.9732689841146176	3.410176705208644	0.004213392417811881
261000	-374519.46507191326	-374520.214743447	0.7496715337479145	2.2700725530637325	3.441239687290551	0.004247141757429283
261500	-374519.8080984754	-374521.072011442	1.2639129666115894	2.071325775629697	3.392216685932161	0.004101536623152472
262000	-374523.1140069015	-374523.9141888259	0.8001819243817536	2.1222136376664364	3.4534904708015204	0.004051908866357651
262500	-374513.7749581758	-374514.84290642216	1.0679482463697498	2.1618219331975483	3.4269927511177216	0.004077943274295859
263000	-374517.81786500465	-374515.8631158705	-1.9547491341180674	1.6468654825154445	3.57938358306922	0.003938916901950047
263500	-374516.4521815091	-374515.71779612894	-0.7343853801729159	2.0395380220010164	3.5458853744743704	0.004045263372544962
264000	-374512.2313845701	-374512.85071923456	0.6193346644509043	2.490032489193013	3.4294441082542604	0.00417025297725842
264500	-374515.38430674834	-374516.7139914883	1.3296847399118832	2.307361125773374	3.325244923491724	0.004299307705608729
265000	-374520.5848824911	-374519.44993362116	-1.1349488699187598	3.1728854096431824	3.416044080829964	0.004355064630424235
265500	-374514.61627849995	-374515.46281829855	0.8465397985793475	2.597614139991229	3.371671074149868	0.004414105303558088
266000	-374520.8260073662	-374519.03160645603	-1.7944009101633895	1.2080361389278949	3.361933394482413	0.004246942873924663
266500	-374517.7420248737	-374518.7265584984	0.9845336247344205	2.4028385366932077	3.404607960669952	0.004237568632978089
267000	-374516.0171874495	-374516.5427126218	0.5255251723032517	2.772426944275999	3.255044745497659	0.004456971866500989
267500	-374514.68869061454	-374515.7135357507	1.0248451361454247	1.825614557366702	3.299119597569983	0.0041986490410809724
268000	-374513.2807422246	-374514.71848871984	1.4377464952240517	2.203609093265042	3.3471011305226552	0.004152237724253753
268500	-374513.31451695925	-374513.35580690386	0.04128994458223367	3.0193975941430056	3.281296517194022	0.004144912755601116
269000	-374516.48737012065	-374516.76307994185	0.27570982121530285	1.650937263123145	3.4342488167078042	0.0042168031641445156
269500	-374512.24029369047	-374511.3574165192	-0.8828771712622636	3.240821925364255	3.3604033624095813	0.004264162960710177
270000	-374516.4438766302	-374516.8748380628	0.43096143256693686	2.7856691887711182	3.3774913257893675	0.004397713028505659
270500	-374513.80429139984	-374514.45069992554	0.6464085257113545	2.6023594100322014	3.408007309315416	0.004339787813496408
271000	-374510.34386422654	-374511.7065113187	1.3626470921649245	2.318043043595658	3.312872708556614	0.004480326405926046
271500	-374516.73779934336	-374517.3418307538	0.6040314104115811	2.7880088869114013	3.3230396872231074	0.004592339478372023
272000	-374518.21782553283	-374519.13663736504	0.9188118321907774	2.270813596024455	3.4294713972699427	0.004414387565840802
272500	-374518.0619933209	-374519.17758973705	1.115596416153462	2.1102722102908107	3.411050971050092	0.004405696504509616
273000	-374524.3167523915	-374525.0279980097	0.7112456181531144	2.2176844541177845	3.453511750135151	0.004200222302555389
273500	-374519.51723269763	-374519.17836081976	-0.338871877877553	1.624200084967476	3.4860995052391064	0.00415063106327612
274000	-374525.1129651145	-374524.71702768473	-0.3959374297128653	2.5710653634837413	3.4845479651849116	0.004006679112609938
274500	-374526.15850724414	-374525.68236474704	-0.47614249711574175	2.033428664110589	3.5256593148198334	0.004034735088338839
275000	-374529.1317760075	-374526.221091448	-2.9106845595009396	2.902312493732489	3.5596746918223663	0.004117994188846185
275500	-374529.18937528355	-374529.2514567323	0.06208144872836918	1.8367036049193004	3.483354573735787	0.004087064213166597
276000	-374531.6973180533	-374528.1668526654	-3.5304653878360943	1.3460665325778196	3.5930852419615262	0.0038127709530231505
276500	-374530.5488884462	-374529.78237567353	-0.7665127726502741	2.468648099595047	3.5189705390034245	0.003965952287005362
277000	-374529.0019074734	-374529.18719699833	0.18528952497750772	2.2502686006142962	3.4815498162605913	0.003956359378775388
277500	-374526.7278988386	-374527.991879268	1.263980429456094	2.2123236734920053	3.3581530881511856	0.004095307078664841
278000	-374516.89070418273	-374517.51580587355	0.6251016908302454	2.655712475043362	3.3674268301610915	0.004202239453909206
278500	-374522.7502544392	-374519.0158004599	-3.7344539793008185	3.396678619536169	3.5070249185545346	0.004135966885372519
279000	-374521.2272012098	-374522.1337419927	0.9065407828944432	1.8628130492354888	3.295543726143259	0.004447986517154687
279500	-374517.5832756407	-374518.5073274451	0.924051804418303	2.0105553082089056	3.2524610930981326	0.004452269563996427
280000	-374520.85356040776	-374521.9127481057	1.0591876979464594	2.489159277629112	3.280048141068185	0.004414511122776554
280500	-374524.6691547189	-374523.8620988778	-0.8070558411179993	3.2597849135070462	3.32514863636176	0.004254372081777659
281000	-374523.38651332766	-374524.6256977472	1.2391844195625268	1.9600812434604982	3.34589080479126	0.0043459144399347555
281500	-374521.0386514914	-374522.02998052986	0.9913290384416324	1.8168238170088127	3.38357192602496	0.004401250247915341
282000	-374521.16038106417	-374522.29141253233	1.1310314681419555	2.1481162626722856	3.421768144043954	0.004401851881387677
282500	-374517.5724380589	-374518.7954722375	1.2230341785942214	2.002056634851521	3.3750967324239136	0.004219112027033769
283000	-374521.6879139677	-374522.0981484773	0.4102345096186868	2.7174544095226487	3.394599503518371	0.0041704728384594405
283500	-374514.68783764157	-374515.6489652878	0.9611276462271805	1.9717770118731088	3.4164096946813225	0.004068190849053077
284000	-374516.8907666493	-374515.7466676366	-1.144099012667855	1.5616435602148406	3.5217828753054436	0.003950947272522819
284500	-374519.51901745104	-374517.1809214991	-2.3380959519628446	1.5545238127920653	3.579197583271125	0.003965703499547325
285000	-374519.2580059703	-374517.55341384397	-1.7045921263007706	1.726058775220894	3.5722365059825467	0.003922648727600075
285500	-374519.4956288071	-374517.3634656528	-2.132163154303522	2.0307409060751285	3.5990793553610003	0.004008513361522328
286000	-374520.9761568407	-374520.78824954643	-0.1879072942723683	2.5998762956127934	3.4731055166370615	0.004070338052780042
286500	-374520.2217387418	-374520.98375445383	0.7620157120391431	2.2498471838804686	3.4267547235922993	0.004200291669745224
287000	-374521.0253448096	-374520.8846974841	-0.14064732550881764	2.3215098608018803	3.49352904310509	0.004174794236561153
287500	-374518.59276305756	-374519.52529516636	0.9325321088165426	2.5133948858732036	3.355526070451374	0.004433288321688889
288000	-374518.65087355964	-374518.79380827217	0.1429347125098408	1.5565364549995253	3.382489123510911	0.004377245243627894
288500	-374518.0058347718	-374518.5828970673	0.5770622955078908	1.715389217527193	3.2891619354643153	0.004384153178203903
289000	-374514.15515448217	-374515.31659100694	1.1614365247929133	2.069963636030688	3.2892886571154287	0.004517269354238401
289500	-374516.18677477894	-374517.19360570714	1.0068309282180428	2.400411783396523	3.277094515000868	0.004480021628396968
290000	-374520.35924501857	-374521.16968218115	0.8104371626009019	2.2666122137002827	3.2336656158771064	0.0043740956729870165
290500	-374529.88300115656	-374531.0439603679	1.1609592113337035	2.472447987564445	3.325205803022672	0.004287601987855934
291000	-374527.73332223855	-374527.47966068774	-0.25366155082588104	2.3581146057143774	3.1502399200190077	0.004431172678024715
291500	-374530.0489619325	-374527.36597999436	-2.6829819381459936	3.122040139129844	3.0887489546581315	0.0045101416351488515
292000	-374525.8103569028	-374522.84878682694	-2.9615700758063443	3.420744679496985	3.1180105750215263	0.004506818397154042
292500	-374525.6021255787	-374525.95636860735	0.3542430286929088	2.256303917846265	3.1900466500201854	0.0043568669171440855
293000	-374526.50069857494	-374527.8277580553	1.3270594803489777	2.1217513878239647	3.305928146762898	0.004211545214599187
293500	-374523.7791894419	-374523.68173680117	-0.09745264070797077	2.797057748528392	3.4136701295364023	0.0043304023035922465
294000	-374528.3038973572	-374529.1461156495	0.8422182922693668	2.057497956472785	3.4234565418426754	0.004307942864217755
294500	-374523.8386237377	-374524.62420731754	0.785583579844678	1.7874617564273811	3.391912364582552	0.0042008218904501125
295000	-374522.69246529305	-374523.23526115634	0.5427958633132652	2.1855328158389558	3.4533117529880712	0.004038415594842223
295500	-374523.6234851447	-374522.8084728465	-0.8150122981694672	2.500396244988115	3.5169171121993528	0.004014064294341949
296000	-374519.2948618499	-374518.998849006	-0.2960128439244478	2.497345276260771	3.5037814080466134	0.003963785455145073
296500	-374518.94451419055	-374517.50468479586	-1.4398293946712046	2.288765586970994	3.5708262234149704	0.004009482710370367
297000	-374520.2819000518	-374520.80038329243	0.5184832406092115	2.0786036035702797	3.4752840043136852	0.004043294676854162
297500	-374515.8433694976	-374515.251153063	-0.5922164345736602	1.6286927190068572	3.508998985805987	0.004013105045604617
298000	-374522.7207636617	-374522.39335323503	-0.32741042666573605	3.001078910924943	3.417571318700108	0.003968744044262287
298500	-374518.31095153384	-374519.23310732644	0.9221557925943138	2.3927929675168915	3.4269245106694513	0.003994255032380551
299000	-374519.08317200275	-374516.6090802945	-2.4740917082504295	2.79986047150346	3.565652717219619	0.004012524992422611
299500	-374515.8265114234	-374514.9781116944	-0.8483997290287242	2.312909611253463	3.5465590725774008	0.0038958964260004747
300000	-374513.0670521361	-374513.1004313783	0.03337924214795507	2.821199592445789	3.4285334119550934	0.004045502753923047
300500	-374512.7994481832	-374512.8380175999	0.038569416669958834	2.0420519346734203	3.5040116986131875	0.004153370277634109
301000	-374512.60242425697	-374512.66719989444	0.0647756374714561	2.5674012039757375	3.4687491116865803	0.004158847172551831
301500	-374516.10006310255	-374517.4071943207	1.3071312181489407	2.334919297505706	3.2902650093445183	0.004209757604551402
302000	-374520.9953878944	-374522.43056326447	1.435175370095994	2.2393831897730414	3.342543678019505	0.004171370075529855
302500	-374522.93323264853	-374523.4914651833	0.5582325347971064	2.8012449231940204	3.264198857204077	0.004148465603654152
303000	-374521.1210893135	-374521.0602856598	-0.060803653735522545	2.77461601424458	3.443218671801888	0.004019727814198884
303500	-374525.08615644847	-374525.62504963635	0.5388931879033008	2.695410144908113	3.4131586797982	0.003923451605675289
304000	-374520.00874586153	-374518.88910079683	-1.1196450647090463	1.4587983950718626	3.501683659547633	0.00399833979977964
304500	-374517.3865027636	-374518.04026199924	0.6537592356303286	1.832827549553939	3.448943326466216	0.0040368804987298435
305000	-374515.2825861316	-374516.66690852103	1.3843223894585694	2.156639053817081	3.386620626268959	0.004201849877368176
305500	-374518.3838957279	-374517.9239042662	-0.45999146170999605	1.4321185148419258	3.41851504354025	0.0041678902881756436
306000	-374517.923579828	-374518.8766267348	0.9530469067773364	1.8627875381005277	3.4136963953493575	0.004078194592170905
306500	-374514.4516925706	-374515.00581142557	0.5541188549660276	2.5517288985040913	3.4275465929950153	0.004196912148979012
307000	-374516.72873833805	-374517.6131447329	0.8844063948606982	2.190445020088086	3.4337655785667964	0.004251001899791664
307500	-374519.91708282987	-374519.44391157007	-0.47317125981902564	1.3993856941089209	3.3876727795726995	0.004177785214348392
308000	-374521.5909372306	-374522.4907454582	0.8998082275882222	1.7761955903892124	3.285558932193821	0.0041665220333174935
308500	-374520.8464153857	-374521.30141318485	0.45499779910979754	2.0464975849578586	3.1961849542691616	0.004431320051315035
309000	-374517.6612113215	-374518.83139372425	1.170182402779501	2.595735297339971	3.337742239358933	0.004107274081579479
309500	-374517.5048807747	-374516.95102446177	-0.5538563129153031	1.867799761325783	3.534139542763795	0.0040241249334114085
310000	-374515.9676037268	-374516.08422998386	0.11662625705106588	1.9168281186843286	3.4979940259716447	0.004063590492612773
310500	-374520.7281477782	-374520.9927541228	0.2646063446212734	2.3090441640639026	3.48849445436602	0.003985073132246991
311000	-374524.26297727594	-374524.47123035404	0.20825307808644045	1.5526679519640687	3.311282382289883	0.004400951019451748
311500	-374517.91903461283	-374519.1075914472	1.188556834363819	1.9000854756791872	3.3863419882607233	0.004345140903651566
312000	-374522.60870169	-374523.466467783	0.8577660929687214	1.7197072808382448	3.3394525952958283	0.004374349548027284
312500	-374529.56027590996	-374529.25006516685	-0.31021074308844554	3.1058043912365827	3.304161391141686	0.004385674176174785
313000	-374523.75914449693	-374524.5966019806	0.8374574836783406	1.7438934430130983	3.3275812961351248	0.004311317809487241
313500	-374517.8937019779	-374519.1600251524	1.2663231744495134	1.9822669580732382	3.324257170424252	0.004240566472766555
314000	-374517.4408650984	-374518.545179956	1.1043148576023079	2.4544110483870365	3.2853758257504393	0.004237185073317105
314500	-374515.73089887586	-374516.87076504575	1.1398661698751376	1.933237781674084	3.3087918774360165	0.004459876048964704
315000	-374519.55578594346	-374520.3812378673	0.8254519237966882	2.040295504312231	3.238642671166928	0.0044071731562770845
315500	-374525.3893031233	-374524.6210917175	-0.7682114057682945	2.837374975995895	3.1594449498393944	0.004544737008109003
316000	-374519.8284750099	-374521.04325099394	1.2147759840713732	2.330934843389089	3.3595140408880773	0.004438743818859224
316500	-374521.2626800184	-374522.5046950208	1.2420150024021046	2.03139757814063	3.3568711157644215	0.0043958216270111195
317000	-374521.0691009963	-374521.7917655194	0.7226645231013018	2.6906712730915547	3.34476221882864	0.0042832815461968
317500	-374520.9445718736	-374521.9195595607	0.9749876871333871	2.4149466489494618	3.3963457144004896	0.004207749740965732
318000	-374522.69543885987	-374520.1193359562	-2.5761029036933403	2.983014525615627	3.5368866516225435	0.004059454049198572
318500	-374520.668531959	-374517.0775569262	-3.590975032833462	1.648515608310921	3.6396106693480497	0.004109228003869728
319000	-374516.96401508106	-374517.2760355888	0.31202050778056645	2.035065861162	3.4832672799083135	0.004080823807467048
319500	-374518.5066920156	-374519.0236451751	0.516953159493319	1.7566987935174576	3.439469785792263	0.004047235838267752
320000	-374519.70809847617	-374520.0015725708	0.2934740946535248	1.5863899511057546	3.398037800595436	0.004093494032235346
320500	-374521.93973518914	-374523.1242544807	1.1845192915543956	2.2247012867228104	3.396016664426435	0.004211574837302796
321000	-374516.47274179937	-374517.8138703974	1.3411285980429284	2.2666991809283825	3.294587312657936	0.00438899433093296
321500	-374518.1560771048	-374518.8548479611	0.6987708563104391	2.4489898740070566	3.2180802407610365	0.004397183378091072
322000	-374515.0272579558	-374516.48143171467	1.4541737588451369	2.262030067847743	3.352827534448934	0.004205380865623969
322500	-374514.4663073953	-374515.08650528954	0.6201978942366555	1.900351433119236	3.4527715320521875	0.004082766422222473
323000	-374519.3744295721	-374516.9861950865	-2.388234485584258	2.2981322350172775	3.6013223473042286	0.004054456116445799
323500	-374515.2659300185	-374515.76656152133	0.5006315028082247	2.5713159156437815	3.4211343547073474	0.004185833526376225
324000	-374518.80949165917	-374519.8971768714	1.0876852122495313	2.1760146520042865	3.405918739872434	0.004175806271964817
324500	-374522.7735386581	-374523.7485566974	0.975018039311256	1.840486662550906	3.3866960796630274	0.004369717399964519
325000	-374512.0848360924	-374513.10918573226	1.0243496398546865	2.491327324513033	3.2938433511590377	0.004494947323242471
325500	-374515.11961141013	-374516.183037654	1.063426243860004	1.9422360356864738	3.4060400318074944	0.0043184785795214765
326000	-374514.6589240536	-374514.89215041423	0.2332263606245375	1.8735378647584198	3.4806148545893922	0.004210891306106895
326500	-374517.13382205716	-374518.20094944525	1.0671273881116408	2.3209228990615456	3.3726784350971584	0.004341848680109791
327000	-374517.5371945001	-374518.5412765648	1.00408206474148	2.329080928924938	3.4095344887411785	0.004243817503721387
327500	-374518.8515837099	-374519.2477451554	0.39616144551616017	1.7262936805139673	3.4388371911063107	0.004138960115155275
328000	-374514.4872900834	-374515.33143660356	0.844146520203001	2.1350400196134434	3.442027340248743	0.004111300649866363
328500	-374514.61502526706	-374515.65399224404	1.0389669769904373	1.8053739133800657	3.3707906276523047	0.0041956623885180035
329000	-374516.2775634046	-374516.5690909074	0.29152750281528217	1.5630892493843378	3.3473506662009456	0.004222447655048771
329500	-374517.3175480593	-374518.3876187511	1.0700706918237177	1.8735774420431062	3.390471460393855	0.004446081000346308
330000	-374515.89197794884	-374515.75562847115	-0.13634947769975891	2.7137711193250342	3.45618626386789	0.004222449927182951
330500	-374514.73013019905	-374514.4431375694	-0.28699262965385675	1.4274870517320704	3.383046964124972	0.004147522545076875
331000	-374516.1151512272	-374517.2161435237	1.1009922964900047	1.8836056572650166	3.410769054263795	0.004073369637670242
331500	-374517.73068756826	-374518.47329866287	0.7426110946069358	2.7568440283020874	3.3671975867428636	0.004180244444383011
332000	-374517.86403477256	-374517.3439850313	-0.5200497412620502	2.1061434577520757	3.538020990070226	0.003993217752623825
332500	-374514.4313506645	-374514.50928854244	0.0779378778865425	2.7783272111919906	3.4062494790620588	0.004140365306625324
333000	-374520.8510229659	-374518.6479019449	-2.203121021024108	1.416068730232226	3.5420161206514034	0.004172092013332404
333500	-374520.164323875	-374520.5557869543	0.3914630793308671	2.8235740688266207	3.353729255161281	0.004138025837030484
334000	-374517.1389495381	-374517.7546209407	0.6156714025869796	1.6796264944380546	3.3803980387063173	0.004167492375302099
334500	-374519.05978214036	-374519.2223295437	0.16254740339336227	2.043985270694159	3.1945961529330993	0.00460816846824329
335000	-374519.9393391321	-374520.5588574766	0.6195183444685206	2.5148468273862217	3.250445592979616	0.004730813209255424
335500	-374516.36134425487	-374517.1354552704	0.7741110155395123	2.4203777016705263	3.2489196063782373	0.004614817533869624
336000	-374519.78624531534	-374520.64696665027	0.8607213349531282	2.3721859228883613	3.4177294700158574	0.0045918961187061775
336500	-374523.6316640955	-374523.8497241576	0.21806006211616324	1.8752214991489413	3.4770239914493364	0.0044281849505198225
337000	-374524.419576144	-374522.8877512929	-1.531824851137534	1.2641240333973438	3.405816118631505	0.004470937073535266
337500	-374525.78816208494	-374526.89736369107	1.1092016061308092	1.8867202768516846	3.375108856295553	0.004607018685700144
338000	-374524.7928326942	-374525.770580574	0.9777478798347712	2.5202944222572214	3.282266662113521	0.004755849024292861
338500	-374519.663239673	-374520.04496658314	0.3817269101524472	1.696695444854405	3.2635915577990553	0.004646476700054901
339000	-374521.0784239149	-374520.67975577276	-0.39866814217358737	3.151620981669858	3.311909236835066	0.004581789694368772
339500	-374521.1868728322	-374522.4578341989	1.2709613666953503	2.1297067183884546	3.391720947141326	0.004342570722986662
340000	-374524.3934442047	-374525.60564882314	1.2122046184247246	1.9895835108494848	3.395748060776427	0.004296334435324036
340500	-374522.1751385066	-374523.1677411997	0.9926026931508645	1.8517266788020792	3.408019788000234	0.004185589659308653
341000	-374520.86417165137	-374522.2751188161	1.410947164770894	2.1616352333200712	3.3476122477431147	0.004411668074658897
341500	-374520.09773135517	-374521.13763558207	1.039904226891469	2.529989896804732	3.3856182477472605	0.004126782487638664
342000	-374520.89177672716	-374521.5367714033	0.6449946761061911	2.7525497084759105	3.3586246687312915	0.00421431813826503
342500	-374520.1503590129	-374520.9360638332	0.7857048202985206	2.3023908403559408	3.4399222032369705	0.00410800958784019
343000	-374529.2020506073	-374527.8460902304	-1.3559603768884418	2.2835821927836943	3.5623761645243244	0.004108153691515654
343500	-374524.15860609594	-374523.3064272326	-0.8521788633642462	2.4931168409200515	3.5167475753654633	0.004050752192421853
344000	-374528.20462600596	-374527.6350766849	-0.5695493211080072	1.9269031558314795	3.526169136061223	0.00405264580472852
344500	-374527.85948140244	-374526.95632766397	-0.9031537384499231	2.1247456289933955	3.546405105217506	0.0038319333277801056
345000	-374527.41142461414	-374525.46281409095	-1.948610523170787	1.5484495145018655	3.560905220089299	0.003989163082264711
345500	-374520.89057154296	-374521.42262235493	0.5320508119888379	1.634871377546393	3.36783234258924	0.004043768811978977
346000	-374522.1988105733	-374522.51523790404	0.31642733069854856	2.264491205414011	3.4697590362984343	0.004035706718258358
346500	-374521.68121009367	-374520.8207561289	-0.860453964809972	1.7291555772965899	3.526836016956672	0.004119892318499434
347000	-374521.8889571928	-374521.26255841984	-0.6263987729493277	2.28536550813677	3.5214020582542616	0.004144180535562552
347500	-374518.7315484717	-374519.5336205357	0.8020720639766044	1.8403722913080647	3.4021383810716355	0.004283950876959596
348000	-374518.06865420274	-374518.86583478947	0.7971805867083361	2.6463551377118875	3.3402232320286007	0.004366929889458162
348500	-374513.9728428563	-374515.022364547	1.0495216906928402	2.008283339372781	3.27314311730384	0.004363219670992986
349000	-374515.916126533	-374516.9286276469	1.0125011139001376	2.3890193970666727	3.39072876285687	0.004319266881464641
349500	-374519.12502537575	-374519.1420171632	0.01699178747605501	1.9923194897052108	3.4986151413764928	0.004194551498932277
350000	-374515.57832120237	-374515.86776222364	0.28944102128963767	2.629676658055576	3.432646090147666	0.004107120040816074
350500	-374513.45908351656	-374514.7591086462	1.3000251296162908	2.1315417411202433	3.3575090417167868	0.004221528396220509
351000	-374517.65779258235	-374517.61786978814	-0.03992279419876876	2.6713742785301013	3.450542514185641	0.0039176885569886365
351500	-374516.9384407764	-374514.6431292291	-2.2953115472880103	1.7855592339989292	3.600931705591551	0.0038913880224772943
352000	-374519.153470015	-374517.3294510797	-1.8240189352628366	3.300469015719275	3.4207230432491005	0.004052726940366895
352500	-374516.05404066073	-374515.78974565637	-0.26429500436194076	2.3942499168965754	3.4946248809807554	0.003978627554350555
353000	-374516.19361462415	-374515.1946399424	-0.9989746817743095	2.8817620086698783	3.465338271138007	0.004095765350364741
353500	-374518.51403645496	-374517.96680081735	-0.5472356375961995	1.4021873843095232	3.3586674709859903	0.004165899058533166
354000	-374515.12784123217	-374515.78923789726	0.6613966650975147	2.598144849777563	3.256181948936325	0.004359950073501998
354500	-374516.3831247679	-374517.2691664718	0.886041703872614	2.5114902766503255	3.375361258982006	0.004126215746266423
355000	-374521.5209146117	-374521.8060981234	0.28518351164554545	2.8954081552866997	3.3145780302324632	0.004109008617289219
355500	-374515.2090452766	-374516.30708307796	1.0980378013079806	2.5118518134997014	3.3218143880080406	0.0042406159716236085
356000	-374516.5726450731	-374516.73553968815	0.16289461501450475	2.481743813735108	3.46088810239494	0.004129841753738664
356500	-374516.8303477987	-374518.20606989897	1.3757221002333884	2.057257270443245	3.321772326631933	0.004204783410196186
357000	-374518.14966164326	-374516.93646558	-1.2131960632312584	3.1726782501687425	3.418910813752414	0.004324621790544949
357500	-374515.72792371595	-374517.04826504877	1.320341332802621	2.0529938875444764	3.3492674314510427	0.004239585953292604
358000	-374516.1258748096	-374517.1874465575	1.0615717479623603	1.8746225831135703	3.3098272413469534	0.0042906046412717
358500	-374518.23544599034	-374518.9798598863	0.7444138959603395	2.4595223193906492	3.4119822509351256	0.004376280414912267
359000	-374516.4352054214	-374517.67200121726	1.2367957958622222	2.142569246807097	3.3708959270445775	0.00436817503348741
359500	-374519.77404586674	-374521.12882364483	1.3547777781022603	2.2582191410895778	3.3285212131151334	0.004398671307239102
360000	-374523.2974783047	-374524.3360428446	1.0385645398416212	2.484592952912251	3.3691584215786934	0.004433347591369059
360500	-374525.35338669847	-374525.37964028685	0.026253588394957283	2.9970623051850636	3.338012297021208	0.004301402027720713
361000	-374525.8578564133	-374526.7409383328	0.8830819195115485	2.633539702195237	3.2808771235273193	0.004248900177001712
361500	-374523.5415622538	-374524.9054160369	1.3638537831251467	1.9969070421565707	3.32061256622623	0.004161132867926999
362000	-374521.8307037931	-374521.9911765793	0.16047278620020133	1.8282282323985366	3.4811545880385166	0.004150589687372871
362500	-374523.8031053289	-374524.9073211206	1.104215791766718	2.121160331869115	3.4104538136031226	0.004204419579146824
363000	-374518.09007216245	-374518.3349995494	0.24492738690890015	2.2563586593708886	3.480866528510579	0.004249937798691587
363500	-374519.51032180444	-374519.18674386566	-0.3235779387865749	1.4441486212059846	3.397741261582878	0.004284178485713297
364000	-374521.0772885385	-374522.17765295017	1.1003644116446205	1.881966240241243	3.299647341217827	0.00434568389340432
364500	-374520.11576528806	-374520.871722201	0.7559569129447254	2.272327635794851	3.4414975952942726	0.004160316474600675
365000	-374516.13847795693	-374516.7788627697	0.6403848127761069	1.8983499131449002	3.45030124110828	0.004303596202408948
365500	-374513.7700221906	-374514.5474648703	0.777442679725695	2.7219969602929828	3.2811378300778573	0.004383822267689194
366000	-374519.17515690706	-374518.87496464734	-0.30019225970524266	2.5157662322353054	3.148523727435032	0.004470820183812224
366500	-374517.290368381	-374517.23175325216	-0.05861512884893871	2.4931933840285287	3.166421381470242	0.004690472853782524
367000	-374514.47709243983	-374515.2420509578	0.7649585179845788	1.7377675824339358	3.3129476791749277	0.0044573210036439465
367500	-374515.7454286517	-374514.7646541258	-0.9807745259078811	1.539806220530866	3.2010157213874733	0.004488251813482727
368000	-374514.9301108272	-374515.3979365236	0.4678256963831515	2.7708448573793727	3.2710295705528014	0.004648148607009579
368500	-374512.62384771375	-374513.59419254644	0.9703448326669095	1.8172760633884213	3.3304112929760272	0.0044811462144725926
369000	-374511.6179431473	-374512.75263824506	1.1346950977380592	2.405462461075794	3.3122716665124914	0.004465141588866342
369500	-374514.5764988674	-374515.47056013066	0.894061263271082	2.58899872463654	3.3352415222421077	0.004417250844474184
370000	-374522.1554060219	-374523.21262182173	1.0572157998035152	2.241331672840838	3.3926902302232005	0.004627608192553655
370500	-374521.01549566945	-374521.78106739296	0.7655717234935446	2.5643205679818215	3.2633859845538016	0.004593452438795991
371000	-374521.05958409386	-374522.3192980481	1.259713954247439	2.190365204916218	3.3362732316537906	0.0045104338445366874
371500	-374529.1583521042	-374530.15467652737	0.9963244231636477	2.0221781451039798	3.285306783730386	0.004642033376038019
372000	-374525.6635826271	-374525.73572314595	0.0721405188759876	1.6515775294053836	3.2585715150005448	0.004640021924919086
372500	-374522.03717532667	-374521.6893929293	-0.3477823973509713	1.515668734348811	3.2740533436719508	0.004631305208861164
373000	-374516.59888603544	-374517.50094138086	0.902055345425123	1.8815991551419435	3.280437860732466	0.004589920759263365
373500	-374515.93057096854	-374515.19586187275	-0.7347090957632618	1.420954149973628	3.282470694135514	0.004648235240639748
374000	-374516.06155552046	-374516.8623448945	0.8007893740168095	2.6561841467223464	3.29477594709715	0.0047105751695044875
374500	-374517.068581569	-374517.46110146877	0.39251989975814716	2.7519922252898854	3.2416549920889035	0.004544863873413259
375000	-374519.2440801127	-374519.28664594435	0.042565831620924754	2.9918519682933917	3.2819795877083795	0.004500414525941341
375500	-374512.6250465579	-374513.715393265	1.0903467070915065	2.239873775984416	3.261616914552811	0.004551182788614085
376000	-374514.88007042266	-374516.13674578496	1.2566753623219284	2.0853441041009826	3.3080337147290098	0.004556965170020012
376500	-374515.34631951485	-374515.8194241481	0.47310463325264607	2.29862072177407	3.2001436788986237	0.004717459334504282
377000	-374517.8290851931	-374519.0706057497	1.241520556563965	1.9961058312490276	3.3134790494409487	0.004623681475053601
377500	-374518.9845365077	-374520.0155993655	1.0310628578348613	2.067010635165203	3.2558462573303935	0.004554603551132658
378000	-374517.5411456287	-374518.42701995955	0.8858743307979688	2.495612527150093	3.243999382753388	0.004414697752677951
378500	-374514.2458054893	-374515.3506154904	1.1048100011135222	1.8404811744335667	3.316314596664002	0.0042961934079739
379000	-374514.39929267246	-374515.3206584575	0.9213657850692867	1.8616628172261611	3.2725628104919458	0.004336173224526685
379500	-374512.16732790985	-374513.47311014234	1.305782232514284	2.0050878003657635	3.3033131082554714	0.0042489351709483645
380000	-374511.8773231184	-374513.18518458237	1.3078614639593278	1.9067571304764415	3.3462407138403667	0.004135391921423202
380500	-374513.7759380312	-374515.240388306	1.464450274754336	2.228538183754342	3.3495826680236687	0.0041589126285057195
381000	-374515.8893243117	-374516.26123399485	0.37190968319044515	2.873184854086658	3.361964606762323	0.004161504084948441
381500	-374511.9075281126	-374512.65159960353	0.7440714909743749	1.675832816210016	3.33392909692682	0.004202471303503949
382000	-374515.16272315354	-374515.4998991755	0.33717602193509677	1.6335590557943191	3.4188337673598554	0.004235172702073758
382500	-374516.6788589088	-374515.4911268704	-1.1877320384253585	2.34332969350208	3.5514362850286014	0.00409146031765105
383000	-374517.15509701066	-374516.31949480186	-0.8356022087768222	2.2416519283015246	3.5426903699287893	0.004035895508960643
383500	-374515.69374647026	-374514.5238535437	-1.1698929265794957	1.5673228444183767	3.5278834248834157	0.0039034795679468715
384000	-374518.35666484566	-374517.8347708297	-0.5218940159599921	1.7902402484069893	3.523372832423224	0.003916513829977002
384500	-374517.9003213964	-374515.6765913005	-2.223730095901634	2.6175403652173386	3.572331825545493	0.00398155100644216
385000	-374515.1330956082	-374513.41188130033	-1.7212143078861022	2.017616587968603	3.5862823433623854	0.004011923654171774
385500	-374511.846180144	-374512.492265121	0.6460849770503669	2.347864840007587	3.443160661910397	0.0043030040020297046
386000	-374513.86227482517	-374514.41477766656	0.5525028413894075	1.6293072220663543	3.3849995208803794	0.004089434002243232
386500	-374516.8314182721	-374517.73334740126	0.9019291291560325	2.465754058789576	3.405263190334468	0.004172408414689078
387000	-374513.15269436827	-374514.32430553914	1.1716111708902304	2.4711456015400493	3.303496036933242	0.004321196408015484
387500	-374520.0601916328	-374521.2666245987	1.206432965908462	2.3201533317741143	3.3912387842746963	0.00414410940173221
388000	-374521.134126837	-374519.1559748345	-1.9781520025242472	1.5143835253578009	3.557121820879276	0.003971402095547443
